2023-06-03 18:25:03,978 INFO o.a.j.u.JMeterUtils: Setting Locale to en_EN
2023-06-03 18:25:03,996 INFO o.a.j.JMeter: Loading user properties from: C:\Users\gavwu\.bzt\jmeter-taurus\5.4.3\bin\user.properties
2023-06-03 18:25:03,996 INFO o.a.j.JMeter: Loading system properties from: C:\Users\gavwu\.bzt\jmeter-taurus\5.4.3\bin\system.properties
2023-06-03 18:25:03,997 INFO o.a.j.JMeter: Loading additional properties from: C:\Users\gavwu\Development\simple-web-server\2023-06-03_18-24-55.722024\jmeter-bzt.properties
2023-06-03 18:25:03,997 INFO o.a.j.JMeter: Setting System properties from file: C:\Users\gavwu\Development\simple-web-server\2023-06-03_18-24-55.722024\system.properties
2023-06-03 18:25:04,001 INFO o.a.j.JMeter: Copyright (c) 1998-2021 The Apache Software Foundation
2023-06-03 18:25:04,004 INFO o.a.j.JMeter: Version 5.4.3
2023-06-03 18:25:04,004 INFO o.a.j.JMeter: java.version=11.0.14
2023-06-03 18:25:04,005 INFO o.a.j.JMeter: java.vm.name=Java HotSpot(TM) 64-Bit Server VM
2023-06-03 18:25:04,005 INFO o.a.j.JMeter: os.name=Windows 10
2023-06-03 18:25:04,005 INFO o.a.j.JMeter: os.arch=amd64
2023-06-03 18:25:04,005 INFO o.a.j.JMeter: os.version=10.0
2023-06-03 18:25:04,005 INFO o.a.j.JMeter: file.encoding=Cp1252
2023-06-03 18:25:04,005 INFO o.a.j.JMeter: java.awt.headless=true
2023-06-03 18:25:04,005 INFO o.a.j.JMeter: Max memory     =1073741824
2023-06-03 18:25:04,005 INFO o.a.j.JMeter: Available Processors =12
2023-06-03 18:25:04,012 INFO o.a.j.JMeter: Default Locale=English (EN)
2023-06-03 18:25:04,012 INFO o.a.j.JMeter: JMeter  Locale=English (EN)
2023-06-03 18:25:04,012 INFO o.a.j.JMeter: JMeterHome=C:\Users\gavwu\.bzt\jmeter-taurus\5.4.3
2023-06-03 18:25:04,012 INFO o.a.j.JMeter: user.dir  =C:\Users\gavwu\Development\simple-web-server
2023-06-03 18:25:04,013 INFO o.a.j.JMeter: PWD       =C:\Users\gavwu\Development\simple-web-server
2023-06-03 18:25:04,014 INFO o.a.j.JMeter: IP: 172.24.48.1 Name: L50876 FullName: L50876.mshome.net
2023-06-03 18:25:04,014 INFO o.a.j.JMeter: user.classpath=C:/Users/gavwu/Development/simple-web-server/2023-06-03_18-24-55.722024;C:/Users/gavwu/Development/simple-web-server/2023-06-03_18-24-55.722024
2023-06-03 18:25:04,014 INFO o.a.j.JMeter: Adding to classpath and loader: C:/Users/gavwu/Development/simple-web-server/2023-06-03_18-24-55.722024
2023-06-03 18:25:04,015 INFO o.a.j.JMeter: Adding to classpath and loader: C:/Users/gavwu/Development/simple-web-server/2023-06-03_18-24-55.722024
2023-06-03 18:25:04,020 INFO o.a.j.s.FileServer: Default base='C:\Users\gavwu\Development\simple-web-server'
2023-06-03 18:25:04,021 INFO o.a.j.s.FileServer: Set new base='C:\Users\gavwu\Development\simple-web-server\2023-06-03_18-24-55.722024'
2023-06-03 18:25:04,152 INFO o.a.j.s.SaveService: Testplan (JMX) version: 2.2. Testlog (JTL) version: 2.2
2023-06-03 18:25:04,165 INFO o.a.j.s.SaveService: Using SaveService properties version 5.0
2023-06-03 18:25:04,168 INFO o.a.j.s.SaveService: Using SaveService properties file encoding UTF-8
2023-06-03 18:25:04,170 INFO o.a.j.s.SaveService: Loading file: C:\Users\gavwu\Development\simple-web-server\2023-06-03_18-24-55.722024\modified_requests.jmx
2023-06-03 18:25:04,201 INFO o.a.j.p.h.c.CacheManager: Will only cache the following methods: [GET]
2023-06-03 18:25:04,203 INFO o.a.j.p.h.c.CookieManager: Settings: Delete null: true Check: true Allow variable: true Save: false Prefix: COOKIE_
2023-06-03 18:25:04,214 INFO o.a.j.p.h.s.HTTPSamplerBase: Parser for text/html is org.apache.jmeter.protocol.http.parser.LagartoBasedHtmlParser
2023-06-03 18:25:04,214 INFO o.a.j.p.h.s.HTTPSamplerBase: Parser for application/xhtml+xml is org.apache.jmeter.protocol.http.parser.LagartoBasedHtmlParser
2023-06-03 18:25:04,214 INFO o.a.j.p.h.s.HTTPSamplerBase: Parser for application/xml is org.apache.jmeter.protocol.http.parser.LagartoBasedHtmlParser
2023-06-03 18:25:04,214 INFO o.a.j.p.h.s.HTTPSamplerBase: Parser for text/xml is org.apache.jmeter.protocol.http.parser.LagartoBasedHtmlParser
2023-06-03 18:25:04,215 INFO o.a.j.p.h.s.HTTPSamplerBase: Parser for text/vnd.wap.wml is org.apache.jmeter.protocol.http.parser.RegexpHTMLParser
2023-06-03 18:25:04,215 INFO o.a.j.p.h.s.HTTPSamplerBase: Parser for text/css is org.apache.jmeter.protocol.http.parser.CssParser
2023-06-03 18:25:04,233 INFO o.a.j.e.StandardJMeterEngine: Running the test!
2023-06-03 18:25:04,234 INFO o.a.j.s.SampleEvent: List of sample_variables: []
2023-06-03 18:25:04,234 INFO o.a.j.s.SampleEvent: List of sample_variables: []
2023-06-03 18:25:04,241 INFO o.a.j.e.u.CompoundVariable: Note: Function class names must contain the string: '.functions.'
2023-06-03 18:25:04,241 INFO o.a.j.e.u.CompoundVariable: Note: Function class names must not contain the string: '.gui.'
2023-06-03 18:25:04,484 INFO o.a.j.JMeter: Running test (1685787904484)
2023-06-03 18:25:04,500 INFO o.a.j.e.StandardJMeterEngine: Starting ThreadGroup: 1 : simple-web-server
2023-06-03 18:25:04,501 INFO o.a.j.e.StandardJMeterEngine: Starting 60 threads for group simple-web-server.
2023-06-03 18:25:04,501 INFO o.a.j.e.StandardJMeterEngine: Thread will continue on error
2023-06-03 18:25:04,504 INFO o.a.j.e.StandardJMeterEngine: All thread groups have been started
2023-06-03 18:25:04,504 INFO c.b.j.t.c.ConcurrencyThreadStarter: Start supplying threads
2023-06-03 18:25:04,599 INFO o.a.j.s.SampleResult: Note: Sample TimeStamps are START times
2023-06-03 18:25:04,600 INFO o.a.j.s.SampleResult: sampleresult.default.encoding is set to UTF-8
2023-06-03 18:25:04,600 INFO o.a.j.s.SampleResult: sampleresult.useNanoTime=true
2023-06-03 18:25:04,600 INFO o.a.j.t.JMeterThread: Thread started: simple-web-server-ThreadStarter 1-1
2023-06-03 18:25:04,600 INFO o.a.j.s.SampleResult: sampleresult.nanoThreadSleep=5000
2023-06-03 18:25:04,616 INFO o.a.j.p.h.s.HTTPHCAbstractImpl: Local host = L50876
2023-06-03 18:25:04,620 INFO o.a.j.p.h.s.HTTPHC4Impl: HTTP request retry count = 0
2023-06-03 18:25:04,742 INFO o.a.j.u.JsseSSLManager: Using default SSL protocol: TLS
2023-06-03 18:25:04,742 INFO o.a.j.u.JsseSSLManager: SSL session context: per-thread
2023-06-03 18:25:05,612 INFO o.a.j.t.JMeterThread: Thread started: simple-web-server-ThreadStarter 1-2
2023-06-03 18:25:05,613 INFO o.a.j.t.JMeterThread: Thread started: simple-web-server-ThreadStarter 1-3
2023-06-03 18:25:05,614 INFO o.a.j.t.JMeterThread: Thread started: simple-web-server-ThreadStarter 1-4
2023-06-03 18:25:05,615 INFO o.a.j.t.JMeterThread: Thread started: simple-web-server-ThreadStarter 1-5
2023-06-03 18:25:05,615 INFO o.a.j.t.JMeterThread: Thread started: simple-web-server-ThreadStarter 1-6
2023-06-03 18:25:05,616 INFO o.a.j.t.JMeterThread: Thread started: simple-web-server-ThreadStarter 1-7
2023-06-03 18:25:06,623 INFO o.a.j.t.JMeterThread: Thread started: simple-web-server-ThreadStarter 1-8
2023-06-03 18:25:06,623 INFO o.a.j.t.JMeterThread: Thread started: simple-web-server-ThreadStarter 1-9
2023-06-03 18:25:06,624 INFO o.a.j.t.JMeterThread: Thread started: simple-web-server-ThreadStarter 1-10
2023-06-03 18:25:06,625 INFO o.a.j.t.JMeterThread: Thread started: simple-web-server-ThreadStarter 1-11
2023-06-03 18:25:06,625 INFO o.a.j.t.JMeterThread: Thread started: simple-web-server-ThreadStarter 1-12
2023-06-03 18:25:06,627 INFO o.a.j.t.JMeterThread: Thread started: simple-web-server-ThreadStarter 1-13
2023-06-03 18:25:07,643 INFO o.a.j.t.JMeterThread: Thread started: simple-web-server-ThreadStarter 1-14
2023-06-03 18:25:07,643 INFO o.a.j.t.JMeterThread: Thread started: simple-web-server-ThreadStarter 1-15
2023-06-03 18:25:07,644 INFO o.a.j.t.JMeterThread: Thread started: simple-web-server-ThreadStarter 1-16
2023-06-03 18:25:07,644 INFO o.a.j.t.JMeterThread: Thread started: simple-web-server-ThreadStarter 1-17
2023-06-03 18:25:07,645 INFO o.a.j.t.JMeterThread: Thread started: simple-web-server-ThreadStarter 1-18
2023-06-03 18:25:07,645 INFO o.a.j.t.JMeterThread: Thread started: simple-web-server-ThreadStarter 1-19
2023-06-03 18:25:08,658 INFO o.a.j.t.JMeterThread: Thread started: simple-web-server-ThreadStarter 1-20
2023-06-03 18:25:08,659 INFO o.a.j.t.JMeterThread: Thread started: simple-web-server-ThreadStarter 1-21
2023-06-03 18:25:08,659 INFO o.a.j.t.JMeterThread: Thread started: simple-web-server-ThreadStarter 1-22
2023-06-03 18:25:08,660 INFO o.a.j.t.JMeterThread: Thread started: simple-web-server-ThreadStarter 1-23
2023-06-03 18:25:08,660 INFO o.a.j.t.JMeterThread: Thread started: simple-web-server-ThreadStarter 1-24
2023-06-03 18:25:08,661 INFO o.a.j.t.JMeterThread: Thread started: simple-web-server-ThreadStarter 1-25
2023-06-03 18:25:09,664 INFO o.a.j.t.JMeterThread: Thread started: simple-web-server-ThreadStarter 1-26
2023-06-03 18:25:09,665 INFO o.a.j.t.JMeterThread: Thread started: simple-web-server-ThreadStarter 1-27
2023-06-03 18:25:09,665 INFO o.a.j.t.JMeterThread: Thread started: simple-web-server-ThreadStarter 1-28
2023-06-03 18:25:09,666 INFO o.a.j.t.JMeterThread: Thread started: simple-web-server-ThreadStarter 1-29
2023-06-03 18:25:09,667 INFO o.a.j.t.JMeterThread: Thread started: simple-web-server-ThreadStarter 1-30
2023-06-03 18:25:09,667 INFO o.a.j.t.JMeterThread: Thread started: simple-web-server-ThreadStarter 1-31
2023-06-03 18:25:10,671 INFO o.a.j.t.JMeterThread: Thread started: simple-web-server-ThreadStarter 1-32
2023-06-03 18:25:10,672 INFO o.a.j.t.JMeterThread: Thread started: simple-web-server-ThreadStarter 1-33
2023-06-03 18:25:10,672 INFO o.a.j.t.JMeterThread: Thread started: simple-web-server-ThreadStarter 1-34
2023-06-03 18:25:10,673 INFO o.a.j.t.JMeterThread: Thread started: simple-web-server-ThreadStarter 1-35
2023-06-03 18:25:10,673 INFO o.a.j.t.JMeterThread: Thread started: simple-web-server-ThreadStarter 1-37
2023-06-03 18:25:10,674 INFO o.a.j.t.JMeterThread: Thread started: simple-web-server-ThreadStarter 1-36
2023-06-03 18:25:11,690 INFO o.a.j.t.JMeterThread: Thread started: simple-web-server-ThreadStarter 1-39
2023-06-03 18:25:11,690 INFO o.a.j.t.JMeterThread: Thread started: simple-web-server-ThreadStarter 1-38
2023-06-03 18:25:11,690 INFO o.a.j.t.JMeterThread: Thread started: simple-web-server-ThreadStarter 1-40
2023-06-03 18:25:11,691 INFO o.a.j.t.JMeterThread: Thread started: simple-web-server-ThreadStarter 1-41
2023-06-03 18:25:11,692 INFO o.a.j.t.JMeterThread: Thread started: simple-web-server-ThreadStarter 1-43
2023-06-03 18:25:11,692 INFO o.a.j.t.JMeterThread: Thread started: simple-web-server-ThreadStarter 1-42
2023-06-03 18:25:12,695 INFO o.a.j.t.JMeterThread: Thread started: simple-web-server-ThreadStarter 1-44
2023-06-03 18:25:12,696 INFO o.a.j.t.JMeterThread: Thread started: simple-web-server-ThreadStarter 1-45
2023-06-03 18:25:12,697 INFO o.a.j.t.JMeterThread: Thread started: simple-web-server-ThreadStarter 1-46
2023-06-03 18:25:12,700 INFO o.a.j.t.JMeterThread: Thread started: simple-web-server-ThreadStarter 1-47
2023-06-03 18:25:12,701 INFO o.a.j.t.JMeterThread: Thread started: simple-web-server-ThreadStarter 1-49
2023-06-03 18:25:12,701 INFO o.a.j.t.JMeterThread: Thread started: simple-web-server-ThreadStarter 1-48
2023-06-03 18:25:13,707 INFO o.a.j.t.JMeterThread: Thread started: simple-web-server-ThreadStarter 1-50
2023-06-03 18:25:13,708 INFO o.a.j.t.JMeterThread: Thread started: simple-web-server-ThreadStarter 1-51
2023-06-03 18:25:13,710 INFO o.a.j.t.JMeterThread: Thread started: simple-web-server-ThreadStarter 1-54
2023-06-03 18:25:13,710 INFO o.a.j.t.JMeterThread: Thread started: simple-web-server-ThreadStarter 1-52
2023-06-03 18:25:13,710 INFO o.a.j.t.JMeterThread: Thread started: simple-web-server-ThreadStarter 1-53
2023-06-03 18:25:13,710 INFO o.a.j.t.JMeterThread: Thread started: simple-web-server-ThreadStarter 1-55
2023-06-03 18:25:14,721 INFO o.a.j.t.JMeterThread: Thread started: simple-web-server-ThreadStarter 1-56
2023-06-03 18:25:14,722 INFO o.a.j.t.JMeterThread: Thread started: simple-web-server-ThreadStarter 1-57
2023-06-03 18:25:14,722 INFO o.a.j.t.JMeterThread: Thread started: simple-web-server-ThreadStarter 1-58
2023-06-03 18:25:14,723 INFO o.a.j.t.JMeterThread: Thread started: simple-web-server-ThreadStarter 1-59
2023-06-03 18:25:14,723 INFO o.a.j.t.JMeterThread: Thread started: simple-web-server-ThreadStarter 1-60
2023-06-03 18:26:15,303 INFO c.b.j.t.c.ConcurrencyThreadStarter: Done supplying threads
2023-06-03 18:26:15,304 INFO o.a.j.t.JMeterThread: Thread is done: simple-web-server-ThreadStarter 1-40
2023-06-03 18:26:15,304 INFO o.a.j.t.JMeterThread: Thread finished: simple-web-server-ThreadStarter 1-40
2023-06-03 18:26:15,304 INFO o.a.j.t.JMeterThread: Thread is done: simple-web-server-ThreadStarter 1-18
2023-06-03 18:26:15,304 INFO o.a.j.t.JMeterThread: Thread is done: simple-web-server-ThreadStarter 1-16
2023-06-03 18:26:15,304 INFO o.a.j.t.JMeterThread: Thread finished: simple-web-server-ThreadStarter 1-18
2023-06-03 18:26:15,304 INFO o.a.j.t.JMeterThread: Thread finished: simple-web-server-ThreadStarter 1-16
2023-06-03 18:26:15,305 INFO o.a.j.t.JMeterThread: Thread is done: simple-web-server-ThreadStarter 1-31
2023-06-03 18:26:15,305 INFO o.a.j.t.JMeterThread: Thread is done: simple-web-server-ThreadStarter 1-22
2023-06-03 18:26:15,305 INFO o.a.j.t.JMeterThread: Thread finished: simple-web-server-ThreadStarter 1-31
2023-06-03 18:26:15,305 INFO o.a.j.t.JMeterThread: Thread finished: simple-web-server-ThreadStarter 1-22
2023-06-03 18:26:15,306 INFO o.a.j.t.JMeterThread: Thread is done: simple-web-server-ThreadStarter 1-11
2023-06-03 18:26:15,306 INFO o.a.j.t.JMeterThread: Thread is done: simple-web-server-ThreadStarter 1-6
2023-06-03 18:26:15,306 INFO o.a.j.t.JMeterThread: Thread finished: simple-web-server-ThreadStarter 1-11
2023-06-03 18:26:15,306 INFO o.a.j.t.JMeterThread: Thread finished: simple-web-server-ThreadStarter 1-6
2023-06-03 18:26:15,308 INFO o.a.j.t.JMeterThread: Thread is done: simple-web-server-ThreadStarter 1-5
2023-06-03 18:26:15,308 INFO o.a.j.t.JMeterThread: Thread is done: simple-web-server-ThreadStarter 1-7
2023-06-03 18:26:15,308 INFO o.a.j.t.JMeterThread: Thread finished: simple-web-server-ThreadStarter 1-5
2023-06-03 18:26:15,308 INFO o.a.j.t.JMeterThread: Thread finished: simple-web-server-ThreadStarter 1-7
2023-06-03 18:26:15,309 INFO o.a.j.t.JMeterThread: Thread is done: simple-web-server-ThreadStarter 1-42
2023-06-03 18:26:15,309 INFO o.a.j.t.JMeterThread: Thread is done: simple-web-server-ThreadStarter 1-15
2023-06-03 18:26:15,309 INFO o.a.j.t.JMeterThread: Thread finished: simple-web-server-ThreadStarter 1-42
2023-06-03 18:26:15,309 INFO o.a.j.t.JMeterThread: Thread finished: simple-web-server-ThreadStarter 1-15
2023-06-03 18:26:15,311 INFO o.a.j.t.JMeterThread: Thread is done: simple-web-server-ThreadStarter 1-27
2023-06-03 18:26:15,311 INFO o.a.j.t.JMeterThread: Thread finished: simple-web-server-ThreadStarter 1-27
2023-06-03 18:26:15,311 INFO o.a.j.t.JMeterThread: Thread is done: simple-web-server-ThreadStarter 1-33
2023-06-03 18:26:15,311 INFO o.a.j.t.JMeterThread: Thread finished: simple-web-server-ThreadStarter 1-33
2023-06-03 18:26:15,311 INFO o.a.j.t.JMeterThread: Thread is done: simple-web-server-ThreadStarter 1-57
2023-06-03 18:26:15,311 INFO o.a.j.t.JMeterThread: Thread finished: simple-web-server-ThreadStarter 1-57
2023-06-03 18:26:15,311 INFO o.a.j.t.JMeterThread: Thread is done: simple-web-server-ThreadStarter 1-56
2023-06-03 18:26:15,311 INFO o.a.j.t.JMeterThread: Thread finished: simple-web-server-ThreadStarter 1-56
2023-06-03 18:26:15,314 INFO o.a.j.t.JMeterThread: Thread is done: simple-web-server-ThreadStarter 1-14
2023-06-03 18:26:15,314 INFO o.a.j.t.JMeterThread: Thread is done: simple-web-server-ThreadStarter 1-54
2023-06-03 18:26:15,314 INFO o.a.j.t.JMeterThread: Thread is done: simple-web-server-ThreadStarter 1-28
2023-06-03 18:26:15,314 INFO o.a.j.t.JMeterThread: Thread is done: simple-web-server-ThreadStarter 1-45
2023-06-03 18:26:15,314 INFO o.a.j.t.JMeterThread: Thread is done: simple-web-server-ThreadStarter 1-3
2023-06-03 18:26:15,314 INFO o.a.j.t.JMeterThread: Thread finished: simple-web-server-ThreadStarter 1-14
2023-06-03 18:26:15,314 INFO o.a.j.t.JMeterThread: Thread finished: simple-web-server-ThreadStarter 1-28
2023-06-03 18:26:15,314 INFO o.a.j.t.JMeterThread: Thread finished: simple-web-server-ThreadStarter 1-3
2023-06-03 18:26:15,314 INFO o.a.j.t.JMeterThread: Thread finished: simple-web-server-ThreadStarter 1-54
2023-06-03 18:26:15,314 INFO o.a.j.t.JMeterThread: Thread is done: simple-web-server-ThreadStarter 1-29
2023-06-03 18:26:15,314 INFO o.a.j.t.JMeterThread: Thread finished: simple-web-server-ThreadStarter 1-45
2023-06-03 18:26:15,315 INFO o.a.j.t.JMeterThread: Thread finished: simple-web-server-ThreadStarter 1-29
2023-06-03 18:26:15,317 INFO o.a.j.t.JMeterThread: Thread is done: simple-web-server-ThreadStarter 1-20
2023-06-03 18:26:15,317 INFO o.a.j.t.JMeterThread: Thread finished: simple-web-server-ThreadStarter 1-20
2023-06-03 18:26:15,317 INFO o.a.j.t.JMeterThread: Thread is done: simple-web-server-ThreadStarter 1-23
2023-06-03 18:26:15,317 INFO o.a.j.t.JMeterThread: Thread finished: simple-web-server-ThreadStarter 1-23
2023-06-03 18:26:15,318 INFO o.a.j.t.JMeterThread: Thread is done: simple-web-server-ThreadStarter 1-34
2023-06-03 18:26:15,318 INFO o.a.j.t.JMeterThread: Thread is done: simple-web-server-ThreadStarter 1-8
2023-06-03 18:26:15,318 INFO o.a.j.t.JMeterThread: Thread finished: simple-web-server-ThreadStarter 1-34
2023-06-03 18:26:15,318 INFO o.a.j.t.JMeterThread: Thread finished: simple-web-server-ThreadStarter 1-8
2023-06-03 18:26:15,319 INFO o.a.j.t.JMeterThread: Thread is done: simple-web-server-ThreadStarter 1-41
2023-06-03 18:26:15,319 INFO o.a.j.t.JMeterThread: Thread is done: simple-web-server-ThreadStarter 1-59
2023-06-03 18:26:15,319 INFO o.a.j.t.JMeterThread: Thread finished: simple-web-server-ThreadStarter 1-41
2023-06-03 18:26:15,319 INFO o.a.j.t.JMeterThread: Thread finished: simple-web-server-ThreadStarter 1-59
2023-06-03 18:26:15,321 INFO o.a.j.t.JMeterThread: Thread is done: simple-web-server-ThreadStarter 1-52
2023-06-03 18:26:15,321 INFO o.a.j.t.JMeterThread: Thread finished: simple-web-server-ThreadStarter 1-52
2023-06-03 18:26:15,321 INFO o.a.j.t.JMeterThread: Thread is done: simple-web-server-ThreadStarter 1-10
2023-06-03 18:26:15,321 INFO o.a.j.t.JMeterThread: Thread finished: simple-web-server-ThreadStarter 1-10
2023-06-03 18:26:15,322 INFO o.a.j.t.JMeterThread: Thread is done: simple-web-server-ThreadStarter 1-50
2023-06-03 18:26:15,322 INFO o.a.j.t.JMeterThread: Thread finished: simple-web-server-ThreadStarter 1-50
2023-06-03 18:26:15,322 INFO o.a.j.t.JMeterThread: Thread is done: simple-web-server-ThreadStarter 1-2
2023-06-03 18:26:15,322 INFO o.a.j.t.JMeterThread: Thread finished: simple-web-server-ThreadStarter 1-2
2023-06-03 18:26:15,323 INFO o.a.j.t.JMeterThread: Thread is done: simple-web-server-ThreadStarter 1-48
2023-06-03 18:26:15,323 INFO o.a.j.t.JMeterThread: Thread is done: simple-web-server-ThreadStarter 1-53
2023-06-03 18:26:15,323 INFO o.a.j.t.JMeterThread: Thread finished: simple-web-server-ThreadStarter 1-48
2023-06-03 18:26:15,323 INFO o.a.j.t.JMeterThread: Thread finished: simple-web-server-ThreadStarter 1-53
2023-06-03 18:26:15,324 INFO o.a.j.t.JMeterThread: Thread is done: simple-web-server-ThreadStarter 1-44
2023-06-03 18:26:15,324 INFO o.a.j.t.JMeterThread: Thread is done: simple-web-server-ThreadStarter 1-17
2023-06-03 18:26:15,324 INFO o.a.j.t.JMeterThread: Thread finished: simple-web-server-ThreadStarter 1-44
2023-06-03 18:26:15,324 INFO o.a.j.t.JMeterThread: Thread finished: simple-web-server-ThreadStarter 1-17
2023-06-03 18:26:15,324 INFO o.a.j.t.JMeterThread: Thread is done: simple-web-server-ThreadStarter 1-60
2023-06-03 18:26:15,324 INFO o.a.j.t.JMeterThread: Thread finished: simple-web-server-ThreadStarter 1-60
2023-06-03 18:26:15,324 INFO o.a.j.t.JMeterThread: Thread is done: simple-web-server-ThreadStarter 1-47
2023-06-03 18:26:15,324 INFO o.a.j.t.JMeterThread: Thread finished: simple-web-server-ThreadStarter 1-47
2023-06-03 18:26:15,325 INFO o.a.j.t.JMeterThread: Thread is done: simple-web-server-ThreadStarter 1-38
2023-06-03 18:26:15,325 INFO o.a.j.t.JMeterThread: Thread is done: simple-web-server-ThreadStarter 1-25
2023-06-03 18:26:15,325 INFO o.a.j.t.JMeterThread: Thread finished: simple-web-server-ThreadStarter 1-38
2023-06-03 18:26:15,325 INFO o.a.j.t.JMeterThread: Thread finished: simple-web-server-ThreadStarter 1-25
2023-06-03 18:26:15,326 INFO o.a.j.t.JMeterThread: Thread is done: simple-web-server-ThreadStarter 1-39
2023-06-03 18:26:15,326 INFO o.a.j.t.JMeterThread: Thread finished: simple-web-server-ThreadStarter 1-39
2023-06-03 18:26:15,326 INFO o.a.j.t.JMeterThread: Thread is done: simple-web-server-ThreadStarter 1-4
2023-06-03 18:26:15,326 INFO o.a.j.t.JMeterThread: Thread finished: simple-web-server-ThreadStarter 1-4
2023-06-03 18:26:15,326 INFO o.a.j.t.JMeterThread: Thread is done: simple-web-server-ThreadStarter 1-51
2023-06-03 18:26:15,327 INFO o.a.j.t.JMeterThread: Thread is done: simple-web-server-ThreadStarter 1-21
2023-06-03 18:26:15,327 INFO o.a.j.t.JMeterThread: Thread finished: simple-web-server-ThreadStarter 1-51
2023-06-03 18:26:15,327 INFO o.a.j.t.JMeterThread: Thread finished: simple-web-server-ThreadStarter 1-21
2023-06-03 18:26:15,327 INFO o.a.j.t.JMeterThread: Thread is done: simple-web-server-ThreadStarter 1-1
2023-06-03 18:26:15,327 INFO o.a.j.t.JMeterThread: Thread finished: simple-web-server-ThreadStarter 1-1
2023-06-03 18:26:15,327 INFO o.a.j.t.JMeterThread: Thread is done: simple-web-server-ThreadStarter 1-43
2023-06-03 18:26:15,327 INFO o.a.j.t.JMeterThread: Thread finished: simple-web-server-ThreadStarter 1-43
2023-06-03 18:26:15,328 INFO o.a.j.t.JMeterThread: Thread is done: simple-web-server-ThreadStarter 1-35
2023-06-03 18:26:15,328 INFO o.a.j.t.JMeterThread: Thread is done: simple-web-server-ThreadStarter 1-30
2023-06-03 18:26:15,328 INFO o.a.j.t.JMeterThread: Thread finished: simple-web-server-ThreadStarter 1-35
2023-06-03 18:26:15,328 INFO o.a.j.t.JMeterThread: Thread finished: simple-web-server-ThreadStarter 1-30
2023-06-03 18:26:15,329 INFO o.a.j.t.JMeterThread: Thread is done: simple-web-server-ThreadStarter 1-37
2023-06-03 18:26:15,329 INFO o.a.j.t.JMeterThread: Thread finished: simple-web-server-ThreadStarter 1-37
2023-06-03 18:26:15,329 INFO o.a.j.t.JMeterThread: Thread is done: simple-web-server-ThreadStarter 1-46
2023-06-03 18:26:15,329 INFO o.a.j.t.JMeterThread: Thread finished: simple-web-server-ThreadStarter 1-46
2023-06-03 18:26:15,330 INFO o.a.j.t.JMeterThread: Thread is done: simple-web-server-ThreadStarter 1-9
2023-06-03 18:26:15,330 INFO o.a.j.t.JMeterThread: Thread finished: simple-web-server-ThreadStarter 1-9
2023-06-03 18:26:15,330 INFO o.a.j.t.JMeterThread: Thread is done: simple-web-server-ThreadStarter 1-32
2023-06-03 18:26:15,330 INFO o.a.j.t.JMeterThread: Thread finished: simple-web-server-ThreadStarter 1-32
2023-06-03 18:26:15,331 INFO o.a.j.t.JMeterThread: Thread is done: simple-web-server-ThreadStarter 1-26
2023-06-03 18:26:15,331 INFO o.a.j.t.JMeterThread: Thread is done: simple-web-server-ThreadStarter 1-55
2023-06-03 18:26:15,331 INFO o.a.j.t.JMeterThread: Thread finished: simple-web-server-ThreadStarter 1-26
2023-06-03 18:26:15,331 INFO o.a.j.t.JMeterThread: Thread finished: simple-web-server-ThreadStarter 1-55
2023-06-03 18:26:15,332 INFO o.a.j.t.JMeterThread: Thread is done: simple-web-server-ThreadStarter 1-58
2023-06-03 18:26:15,333 INFO o.a.j.t.JMeterThread: Thread finished: simple-web-server-ThreadStarter 1-58
2023-06-03 18:26:15,333 INFO o.a.j.t.JMeterThread: Thread is done: simple-web-server-ThreadStarter 1-49
2023-06-03 18:26:15,333 INFO o.a.j.t.JMeterThread: Thread finished: simple-web-server-ThreadStarter 1-49
2023-06-03 18:26:15,333 INFO o.a.j.t.JMeterThread: Thread is done: simple-web-server-ThreadStarter 1-24
2023-06-03 18:26:15,333 INFO o.a.j.t.JMeterThread: Thread is done: simple-web-server-ThreadStarter 1-12
2023-06-03 18:26:15,333 INFO o.a.j.t.JMeterThread: Thread finished: simple-web-server-ThreadStarter 1-24
2023-06-03 18:26:15,333 INFO o.a.j.t.JMeterThread: Thread finished: simple-web-server-ThreadStarter 1-12
2023-06-03 18:26:15,335 INFO o.a.j.t.JMeterThread: Thread is done: simple-web-server-ThreadStarter 1-36
2023-06-03 18:26:15,335 INFO o.a.j.t.JMeterThread: Thread is done: simple-web-server-ThreadStarter 1-19
2023-06-03 18:26:15,335 INFO o.a.j.t.JMeterThread: Thread finished: simple-web-server-ThreadStarter 1-36
2023-06-03 18:26:15,335 INFO o.a.j.t.JMeterThread: Thread finished: simple-web-server-ThreadStarter 1-19
2023-06-03 18:26:15,337 INFO o.a.j.t.JMeterThread: Thread is done: simple-web-server-ThreadStarter 1-13
2023-06-03 18:26:15,337 INFO o.a.j.t.JMeterThread: Thread finished: simple-web-server-ThreadStarter 1-13
2023-06-03 18:26:15,337 INFO o.a.j.e.StandardJMeterEngine: Notifying test listeners of end of test
2023-06-03 18:26:15,339 INFO o.a.j.e.StandardJMeterEngine: Forced JVM shutdown requested at end of test
