2023-06-03 17:10:13,340 INFO o.a.j.u.JMeterUtils: Setting Locale to en_EN
2023-06-03 17:10:13,366 INFO o.a.j.JMeter: Loading user properties from: C:\Users\gavwu\.bzt\jmeter-taurus\5.4.3\bin\user.properties
2023-06-03 17:10:13,367 INFO o.a.j.JMeter: Loading system properties from: C:\Users\gavwu\.bzt\jmeter-taurus\5.4.3\bin\system.properties
2023-06-03 17:10:13,367 INFO o.a.j.JMeter: Loading additional properties from: C:\Users\gavwu\Development\simple-web-server\2023-06-03_17-02-09.793057\jmeter-bzt.properties
2023-06-03 17:10:13,368 INFO o.a.j.JMeter: Setting System properties from file: C:\Users\gavwu\Development\simple-web-server\2023-06-03_17-02-09.793057\system.properties
2023-06-03 17:10:13,375 INFO o.a.j.JMeter: Copyright (c) 1998-2021 The Apache Software Foundation
2023-06-03 17:10:13,377 INFO o.a.j.JMeter: Version 5.4.3
2023-06-03 17:10:13,377 INFO o.a.j.JMeter: java.version=11.0.14
2023-06-03 17:10:13,377 INFO o.a.j.JMeter: java.vm.name=Java HotSpot(TM) 64-Bit Server VM
2023-06-03 17:10:13,377 INFO o.a.j.JMeter: os.name=Windows 10
2023-06-03 17:10:13,378 INFO o.a.j.JMeter: os.arch=amd64
2023-06-03 17:10:13,378 INFO o.a.j.JMeter: os.version=10.0
2023-06-03 17:10:13,378 INFO o.a.j.JMeter: file.encoding=Cp1252
2023-06-03 17:10:13,378 INFO o.a.j.JMeter: java.awt.headless=true
2023-06-03 17:10:13,378 INFO o.a.j.JMeter: Max memory     =1073741824
2023-06-03 17:10:13,378 INFO o.a.j.JMeter: Available Processors =12
2023-06-03 17:10:13,388 INFO o.a.j.JMeter: Default Locale=English (EN)
2023-06-03 17:10:13,388 INFO o.a.j.JMeter: JMeter  Locale=English (EN)
2023-06-03 17:10:13,388 INFO o.a.j.JMeter: JMeterHome=C:\Users\gavwu\.bzt\jmeter-taurus\5.4.3
2023-06-03 17:10:13,389 INFO o.a.j.JMeter: user.dir  =C:\Users\gavwu\Development\simple-web-server
2023-06-03 17:10:13,390 INFO o.a.j.JMeter: PWD       =C:\Users\gavwu\Development\simple-web-server
2023-06-03 17:10:13,391 INFO o.a.j.JMeter: IP: 172.24.48.1 Name: L50876 FullName: L50876.mshome.net
2023-06-03 17:10:13,391 INFO o.a.j.JMeter: user.classpath=C:/Users/gavwu/Development/simple-web-server/2023-06-03_17-02-09.793057;C:/Users/gavwu/Development/simple-web-server/2023-06-03_17-02-09.793057
2023-06-03 17:10:13,392 INFO o.a.j.JMeter: Adding to classpath and loader: C:/Users/gavwu/Development/simple-web-server/2023-06-03_17-02-09.793057
2023-06-03 17:10:13,393 INFO o.a.j.JMeter: Adding to classpath and loader: C:/Users/gavwu/Development/simple-web-server/2023-06-03_17-02-09.793057
2023-06-03 17:10:13,400 INFO o.a.j.s.FileServer: Default base='C:\Users\gavwu\Development\simple-web-server'
2023-06-03 17:10:13,401 INFO o.a.j.s.FileServer: Set new base='C:\Users\gavwu\Development\simple-web-server\2023-06-03_17-02-09.793057'
2023-06-03 17:10:13,595 INFO o.a.j.s.SaveService: Testplan (JMX) version: 2.2. Testlog (JTL) version: 2.2
2023-06-03 17:10:13,614 INFO o.a.j.s.SaveService: Using SaveService properties version 5.0
2023-06-03 17:10:13,617 INFO o.a.j.s.SaveService: Using SaveService properties file encoding UTF-8
2023-06-03 17:10:13,621 INFO o.a.j.s.SaveService: Loading file: C:\Users\gavwu\Development\simple-web-server\2023-06-03_17-02-09.793057\modified_requests.jmx
2023-06-03 17:10:13,666 INFO o.a.j.p.h.c.CacheManager: Will only cache the following methods: [GET]
2023-06-03 17:10:13,668 INFO o.a.j.p.h.c.CookieManager: Settings: Delete null: true Check: true Allow variable: true Save: false Prefix: COOKIE_
2023-06-03 17:10:13,685 INFO o.a.j.p.h.s.HTTPSamplerBase: Parser for text/html is org.apache.jmeter.protocol.http.parser.LagartoBasedHtmlParser
2023-06-03 17:10:13,685 INFO o.a.j.p.h.s.HTTPSamplerBase: Parser for application/xhtml+xml is org.apache.jmeter.protocol.http.parser.LagartoBasedHtmlParser
2023-06-03 17:10:13,685 INFO o.a.j.p.h.s.HTTPSamplerBase: Parser for application/xml is org.apache.jmeter.protocol.http.parser.LagartoBasedHtmlParser
2023-06-03 17:10:13,686 INFO o.a.j.p.h.s.HTTPSamplerBase: Parser for text/xml is org.apache.jmeter.protocol.http.parser.LagartoBasedHtmlParser
2023-06-03 17:10:13,686 INFO o.a.j.p.h.s.HTTPSamplerBase: Parser for text/vnd.wap.wml is org.apache.jmeter.protocol.http.parser.RegexpHTMLParser
2023-06-03 17:10:13,686 INFO o.a.j.p.h.s.HTTPSamplerBase: Parser for text/css is org.apache.jmeter.protocol.http.parser.CssParser
2023-06-03 17:10:13,716 INFO o.a.j.e.StandardJMeterEngine: Running the test!
2023-06-03 17:10:13,717 INFO o.a.j.s.SampleEvent: List of sample_variables: []
2023-06-03 17:10:13,717 INFO o.a.j.s.SampleEvent: List of sample_variables: []
2023-06-03 17:10:13,732 INFO o.a.j.e.u.CompoundVariable: Note: Function class names must contain the string: '.functions.'
2023-06-03 17:10:13,732 INFO o.a.j.e.u.CompoundVariable: Note: Function class names must not contain the string: '.gui.'
2023-06-03 17:10:14,150 INFO o.a.j.JMeter: Running test (1685783414150)
2023-06-03 17:10:14,172 INFO o.a.j.e.StandardJMeterEngine: Starting ThreadGroup: 1 : simple-web-server
2023-06-03 17:10:14,173 INFO o.a.j.e.StandardJMeterEngine: Starting 60 threads for group simple-web-server.
2023-06-03 17:10:14,173 INFO o.a.j.e.StandardJMeterEngine: Thread will continue on error
2023-06-03 17:10:14,176 INFO o.a.j.e.StandardJMeterEngine: All thread groups have been started
2023-06-03 17:10:14,177 INFO c.b.j.t.c.ConcurrencyThreadStarter: Start supplying threads
2023-06-03 17:10:14,297 INFO o.a.j.s.SampleResult: Note: Sample TimeStamps are START times
2023-06-03 17:10:14,300 INFO o.a.j.s.SampleResult: sampleresult.default.encoding is set to UTF-8
2023-06-03 17:10:14,301 INFO o.a.j.s.SampleResult: sampleresult.useNanoTime=true
2023-06-03 17:10:14,301 INFO o.a.j.s.SampleResult: sampleresult.nanoThreadSleep=5000
2023-06-03 17:10:14,301 INFO o.a.j.t.JMeterThread: Thread started: simple-web-server-ThreadStarter 1-1
2023-06-03 17:10:14,366 INFO o.a.j.p.h.s.HTTPHCAbstractImpl: Local host = L50876
2023-06-03 17:10:14,381 INFO o.a.j.p.h.s.HTTPHC4Impl: HTTP request retry count = 0
2023-06-03 17:10:14,601 INFO o.a.j.u.JsseSSLManager: Using default SSL protocol: TLS
2023-06-03 17:10:14,602 INFO o.a.j.u.JsseSSLManager: SSL session context: per-thread
2023-06-03 17:10:15,315 INFO o.a.j.t.JMeterThread: Thread started: simple-web-server-ThreadStarter 1-2
2023-06-03 17:10:15,315 INFO o.a.j.t.JMeterThread: Thread started: simple-web-server-ThreadStarter 1-3
2023-06-03 17:10:15,317 INFO o.a.j.t.JMeterThread: Thread started: simple-web-server-ThreadStarter 1-4
2023-06-03 17:10:15,317 INFO o.a.j.t.JMeterThread: Thread started: simple-web-server-ThreadStarter 1-5
2023-06-03 17:10:15,318 INFO o.a.j.t.JMeterThread: Thread started: simple-web-server-ThreadStarter 1-6
2023-06-03 17:10:15,319 INFO o.a.j.t.JMeterThread: Thread started: simple-web-server-ThreadStarter 1-7
2023-06-03 17:10:16,328 INFO o.a.j.t.JMeterThread: Thread started: simple-web-server-ThreadStarter 1-8
2023-06-03 17:10:16,329 INFO o.a.j.t.JMeterThread: Thread started: simple-web-server-ThreadStarter 1-9
2023-06-03 17:10:16,329 INFO o.a.j.t.JMeterThread: Thread started: simple-web-server-ThreadStarter 1-10
2023-06-03 17:10:16,330 INFO o.a.j.t.JMeterThread: Thread started: simple-web-server-ThreadStarter 1-11
2023-06-03 17:10:16,331 INFO o.a.j.t.JMeterThread: Thread started: simple-web-server-ThreadStarter 1-12
2023-06-03 17:10:16,332 INFO o.a.j.t.JMeterThread: Thread started: simple-web-server-ThreadStarter 1-13
2023-06-03 17:10:17,339 INFO o.a.j.t.JMeterThread: Thread started: simple-web-server-ThreadStarter 1-14
2023-06-03 17:10:17,339 INFO o.a.j.t.JMeterThread: Thread started: simple-web-server-ThreadStarter 1-15
2023-06-03 17:10:17,339 INFO o.a.j.t.JMeterThread: Thread started: simple-web-server-ThreadStarter 1-16
2023-06-03 17:10:17,340 INFO o.a.j.t.JMeterThread: Thread started: simple-web-server-ThreadStarter 1-17
2023-06-03 17:10:17,341 INFO o.a.j.t.JMeterThread: Thread started: simple-web-server-ThreadStarter 1-18
2023-06-03 17:10:17,341 INFO o.a.j.t.JMeterThread: Thread started: simple-web-server-ThreadStarter 1-19
2023-06-03 17:10:18,347 INFO o.a.j.t.JMeterThread: Thread started: simple-web-server-ThreadStarter 1-20
2023-06-03 17:10:18,348 INFO o.a.j.t.JMeterThread: Thread started: simple-web-server-ThreadStarter 1-21
2023-06-03 17:10:18,348 INFO o.a.j.t.JMeterThread: Thread started: simple-web-server-ThreadStarter 1-22
2023-06-03 17:10:18,349 INFO o.a.j.t.JMeterThread: Thread started: simple-web-server-ThreadStarter 1-23
2023-06-03 17:10:18,350 INFO o.a.j.t.JMeterThread: Thread started: simple-web-server-ThreadStarter 1-24
2023-06-03 17:10:18,350 INFO o.a.j.t.JMeterThread: Thread started: simple-web-server-ThreadStarter 1-25
2023-06-03 17:10:19,359 INFO o.a.j.t.JMeterThread: Thread started: simple-web-server-ThreadStarter 1-26
2023-06-03 17:10:19,360 INFO o.a.j.t.JMeterThread: Thread started: simple-web-server-ThreadStarter 1-27
2023-06-03 17:10:19,360 INFO o.a.j.t.JMeterThread: Thread started: simple-web-server-ThreadStarter 1-28
2023-06-03 17:10:19,361 INFO o.a.j.t.JMeterThread: Thread started: simple-web-server-ThreadStarter 1-29
2023-06-03 17:10:19,361 INFO o.a.j.t.JMeterThread: Thread started: simple-web-server-ThreadStarter 1-30
2023-06-03 17:10:19,362 INFO o.a.j.t.JMeterThread: Thread started: simple-web-server-ThreadStarter 1-31
2023-06-03 17:10:20,368 INFO o.a.j.t.JMeterThread: Thread started: simple-web-server-ThreadStarter 1-32
2023-06-03 17:10:20,369 INFO o.a.j.t.JMeterThread: Thread started: simple-web-server-ThreadStarter 1-33
2023-06-03 17:10:20,369 INFO o.a.j.t.JMeterThread: Thread started: simple-web-server-ThreadStarter 1-34
2023-06-03 17:10:20,370 INFO o.a.j.t.JMeterThread: Thread started: simple-web-server-ThreadStarter 1-35
2023-06-03 17:10:20,370 INFO o.a.j.t.JMeterThread: Thread started: simple-web-server-ThreadStarter 1-36
2023-06-03 17:10:20,371 INFO o.a.j.t.JMeterThread: Thread started: simple-web-server-ThreadStarter 1-37
2023-06-03 17:10:21,380 INFO o.a.j.t.JMeterThread: Thread started: simple-web-server-ThreadStarter 1-38
2023-06-03 17:10:21,380 INFO o.a.j.t.JMeterThread: Thread started: simple-web-server-ThreadStarter 1-39
2023-06-03 17:10:21,380 INFO o.a.j.t.JMeterThread: Thread started: simple-web-server-ThreadStarter 1-40
2023-06-03 17:10:21,381 INFO o.a.j.t.JMeterThread: Thread started: simple-web-server-ThreadStarter 1-41
2023-06-03 17:10:21,381 INFO o.a.j.t.JMeterThread: Thread started: simple-web-server-ThreadStarter 1-42
2023-06-03 17:10:21,382 INFO o.a.j.t.JMeterThread: Thread started: simple-web-server-ThreadStarter 1-43
2023-06-03 17:10:22,390 INFO o.a.j.t.JMeterThread: Thread started: simple-web-server-ThreadStarter 1-44
2023-06-03 17:10:22,391 INFO o.a.j.t.JMeterThread: Thread started: simple-web-server-ThreadStarter 1-45
2023-06-03 17:10:22,391 INFO o.a.j.t.JMeterThread: Thread started: simple-web-server-ThreadStarter 1-46
2023-06-03 17:10:22,392 INFO o.a.j.t.JMeterThread: Thread started: simple-web-server-ThreadStarter 1-47
2023-06-03 17:10:22,392 INFO o.a.j.t.JMeterThread: Thread started: simple-web-server-ThreadStarter 1-48
2023-06-03 17:10:22,393 INFO o.a.j.t.JMeterThread: Thread started: simple-web-server-ThreadStarter 1-49
2023-06-03 17:10:23,394 INFO o.a.j.t.JMeterThread: Thread started: simple-web-server-ThreadStarter 1-50
2023-06-03 17:10:23,394 INFO o.a.j.t.JMeterThread: Thread started: simple-web-server-ThreadStarter 1-51
2023-06-03 17:10:23,395 INFO o.a.j.t.JMeterThread: Thread started: simple-web-server-ThreadStarter 1-52
2023-06-03 17:10:23,395 INFO o.a.j.t.JMeterThread: Thread started: simple-web-server-ThreadStarter 1-53
2023-06-03 17:10:23,396 INFO o.a.j.t.JMeterThread: Thread started: simple-web-server-ThreadStarter 1-54
2023-06-03 17:10:23,396 INFO o.a.j.t.JMeterThread: Thread started: simple-web-server-ThreadStarter 1-55
2023-06-03 17:10:24,409 INFO o.a.j.t.JMeterThread: Thread started: simple-web-server-ThreadStarter 1-56
2023-06-03 17:10:24,410 INFO o.a.j.t.JMeterThread: Thread started: simple-web-server-ThreadStarter 1-57
2023-06-03 17:10:24,410 INFO o.a.j.t.JMeterThread: Thread started: simple-web-server-ThreadStarter 1-58
2023-06-03 17:10:24,410 INFO o.a.j.t.JMeterThread: Thread started: simple-web-server-ThreadStarter 1-59
2023-06-03 17:10:24,411 INFO o.a.j.t.JMeterThread: Thread started: simple-web-server-ThreadStarter 1-60
2023-06-03 17:11:24,859 INFO c.b.j.t.c.ConcurrencyThreadStarter: Done supplying threads
2023-06-03 17:11:24,862 INFO o.a.j.t.JMeterThread: Thread is done: simple-web-server-ThreadStarter 1-44
2023-06-03 17:11:24,863 INFO o.a.j.t.JMeterThread: Thread finished: simple-web-server-ThreadStarter 1-44
2023-06-03 17:11:24,867 INFO o.a.j.t.JMeterThread: Thread is done: simple-web-server-ThreadStarter 1-2
2023-06-03 17:11:24,868 INFO o.a.j.t.JMeterThread: Thread finished: simple-web-server-ThreadStarter 1-2
2023-06-03 17:11:24,873 INFO o.a.j.t.JMeterThread: Thread is done: simple-web-server-ThreadStarter 1-27
2023-06-03 17:11:24,873 INFO o.a.j.t.JMeterThread: Thread finished: simple-web-server-ThreadStarter 1-27
2023-06-03 17:11:24,878 INFO o.a.j.t.JMeterThread: Thread is done: simple-web-server-ThreadStarter 1-13
2023-06-03 17:11:24,879 INFO o.a.j.t.JMeterThread: Thread finished: simple-web-server-ThreadStarter 1-13
2023-06-03 17:11:24,883 INFO o.a.j.t.JMeterThread: Thread is done: simple-web-server-ThreadStarter 1-54
2023-06-03 17:11:24,883 INFO o.a.j.t.JMeterThread: Thread finished: simple-web-server-ThreadStarter 1-54
2023-06-03 17:11:24,888 INFO o.a.j.t.JMeterThread: Thread is done: simple-web-server-ThreadStarter 1-40
2023-06-03 17:11:24,888 INFO o.a.j.t.JMeterThread: Thread finished: simple-web-server-ThreadStarter 1-40
2023-06-03 17:11:24,894 INFO o.a.j.t.JMeterThread: Thread is done: simple-web-server-ThreadStarter 1-36
2023-06-03 17:11:24,894 INFO o.a.j.t.JMeterThread: Thread finished: simple-web-server-ThreadStarter 1-36
2023-06-03 17:11:24,899 INFO o.a.j.t.JMeterThread: Thread is done: simple-web-server-ThreadStarter 1-58
2023-06-03 17:11:24,900 INFO o.a.j.t.JMeterThread: Thread finished: simple-web-server-ThreadStarter 1-58
2023-06-03 17:11:24,904 INFO o.a.j.t.JMeterThread: Thread is done: simple-web-server-ThreadStarter 1-33
2023-06-03 17:11:24,904 INFO o.a.j.t.JMeterThread: Thread finished: simple-web-server-ThreadStarter 1-33
2023-06-03 17:11:24,908 INFO o.a.j.t.JMeterThread: Thread is done: simple-web-server-ThreadStarter 1-21
2023-06-03 17:11:24,908 INFO o.a.j.t.JMeterThread: Thread finished: simple-web-server-ThreadStarter 1-21
2023-06-03 17:11:24,914 INFO o.a.j.t.JMeterThread: Thread is done: simple-web-server-ThreadStarter 1-35
2023-06-03 17:11:24,914 INFO o.a.j.t.JMeterThread: Thread finished: simple-web-server-ThreadStarter 1-35
2023-06-03 17:11:24,919 INFO o.a.j.t.JMeterThread: Thread is done: simple-web-server-ThreadStarter 1-4
2023-06-03 17:11:24,919 INFO o.a.j.t.JMeterThread: Thread finished: simple-web-server-ThreadStarter 1-4
2023-06-03 17:11:24,924 INFO o.a.j.t.JMeterThread: Thread is done: simple-web-server-ThreadStarter 1-43
2023-06-03 17:11:24,924 INFO o.a.j.t.JMeterThread: Thread finished: simple-web-server-ThreadStarter 1-43
2023-06-03 17:11:24,930 INFO o.a.j.t.JMeterThread: Thread is done: simple-web-server-ThreadStarter 1-22
2023-06-03 17:11:24,930 INFO o.a.j.t.JMeterThread: Thread finished: simple-web-server-ThreadStarter 1-22
2023-06-03 17:11:24,935 INFO o.a.j.t.JMeterThread: Thread is done: simple-web-server-ThreadStarter 1-7
2023-06-03 17:11:24,935 INFO o.a.j.t.JMeterThread: Thread finished: simple-web-server-ThreadStarter 1-7
2023-06-03 17:11:24,940 INFO o.a.j.t.JMeterThread: Thread is done: simple-web-server-ThreadStarter 1-25
2023-06-03 17:11:24,941 INFO o.a.j.t.JMeterThread: Thread finished: simple-web-server-ThreadStarter 1-25
2023-06-03 17:11:24,945 INFO o.a.j.t.JMeterThread: Thread is done: simple-web-server-ThreadStarter 1-32
2023-06-03 17:11:24,945 INFO o.a.j.t.JMeterThread: Thread finished: simple-web-server-ThreadStarter 1-32
2023-06-03 17:11:24,949 INFO o.a.j.t.JMeterThread: Thread is done: simple-web-server-ThreadStarter 1-16
2023-06-03 17:11:24,949 INFO o.a.j.t.JMeterThread: Thread finished: simple-web-server-ThreadStarter 1-16
2023-06-03 17:11:24,953 INFO o.a.j.t.JMeterThread: Thread is done: simple-web-server-ThreadStarter 1-31
2023-06-03 17:11:24,953 INFO o.a.j.t.JMeterThread: Thread finished: simple-web-server-ThreadStarter 1-31
2023-06-03 17:11:24,958 INFO o.a.j.t.JMeterThread: Thread is done: simple-web-server-ThreadStarter 1-8
2023-06-03 17:11:24,958 INFO o.a.j.t.JMeterThread: Thread finished: simple-web-server-ThreadStarter 1-8
2023-06-03 17:11:24,963 INFO o.a.j.t.JMeterThread: Thread is done: simple-web-server-ThreadStarter 1-41
2023-06-03 17:11:24,963 INFO o.a.j.t.JMeterThread: Thread finished: simple-web-server-ThreadStarter 1-41
2023-06-03 17:11:24,967 INFO o.a.j.t.JMeterThread: Thread is done: simple-web-server-ThreadStarter 1-10
2023-06-03 17:11:24,967 INFO o.a.j.t.JMeterThread: Thread finished: simple-web-server-ThreadStarter 1-10
2023-06-03 17:11:24,972 INFO o.a.j.t.JMeterThread: Thread is done: simple-web-server-ThreadStarter 1-6
2023-06-03 17:11:24,972 INFO o.a.j.t.JMeterThread: Thread finished: simple-web-server-ThreadStarter 1-6
2023-06-03 17:11:24,977 INFO o.a.j.t.JMeterThread: Thread is done: simple-web-server-ThreadStarter 1-29
2023-06-03 17:11:24,977 INFO o.a.j.t.JMeterThread: Thread finished: simple-web-server-ThreadStarter 1-29
2023-06-03 17:11:24,981 INFO o.a.j.t.JMeterThread: Thread is done: simple-web-server-ThreadStarter 1-49
2023-06-03 17:11:24,981 INFO o.a.j.t.JMeterThread: Thread finished: simple-web-server-ThreadStarter 1-49
2023-06-03 17:11:24,987 INFO o.a.j.t.JMeterThread: Thread is done: simple-web-server-ThreadStarter 1-56
2023-06-03 17:11:24,987 INFO o.a.j.t.JMeterThread: Thread finished: simple-web-server-ThreadStarter 1-56
2023-06-03 17:11:24,992 INFO o.a.j.t.JMeterThread: Thread is done: simple-web-server-ThreadStarter 1-38
2023-06-03 17:11:24,992 INFO o.a.j.t.JMeterThread: Thread finished: simple-web-server-ThreadStarter 1-38
2023-06-03 17:11:24,997 INFO o.a.j.t.JMeterThread: Thread is done: simple-web-server-ThreadStarter 1-59
2023-06-03 17:11:24,997 INFO o.a.j.t.JMeterThread: Thread finished: simple-web-server-ThreadStarter 1-59
2023-06-03 17:11:25,001 INFO o.a.j.t.JMeterThread: Thread is done: simple-web-server-ThreadStarter 1-26
2023-06-03 17:11:25,001 INFO o.a.j.t.JMeterThread: Thread finished: simple-web-server-ThreadStarter 1-26
2023-06-03 17:11:25,006 INFO o.a.j.t.JMeterThread: Thread is done: simple-web-server-ThreadStarter 1-11
2023-06-03 17:11:25,006 INFO o.a.j.t.JMeterThread: Thread finished: simple-web-server-ThreadStarter 1-11
2023-06-03 17:11:25,011 INFO o.a.j.t.JMeterThread: Thread is done: simple-web-server-ThreadStarter 1-39
2023-06-03 17:11:25,011 INFO o.a.j.t.JMeterThread: Thread finished: simple-web-server-ThreadStarter 1-39
2023-06-03 17:11:25,015 INFO o.a.j.t.JMeterThread: Thread is done: simple-web-server-ThreadStarter 1-46
2023-06-03 17:11:25,015 INFO o.a.j.t.JMeterThread: Thread finished: simple-web-server-ThreadStarter 1-46
2023-06-03 17:11:25,018 INFO o.a.j.t.JMeterThread: Thread is done: simple-web-server-ThreadStarter 1-45
2023-06-03 17:11:25,019 INFO o.a.j.t.JMeterThread: Thread finished: simple-web-server-ThreadStarter 1-45
2023-06-03 17:11:25,023 INFO o.a.j.t.JMeterThread: Thread is done: simple-web-server-ThreadStarter 1-18
2023-06-03 17:11:25,023 INFO o.a.j.t.JMeterThread: Thread finished: simple-web-server-ThreadStarter 1-18
2023-06-03 17:11:25,025 INFO o.a.j.t.JMeterThread: Thread is done: simple-web-server-ThreadStarter 1-19
2023-06-03 17:11:25,025 INFO o.a.j.t.JMeterThread: Thread finished: simple-web-server-ThreadStarter 1-19
2023-06-03 17:11:25,030 INFO o.a.j.t.JMeterThread: Thread is done: simple-web-server-ThreadStarter 1-52
2023-06-03 17:11:25,030 INFO o.a.j.t.JMeterThread: Thread finished: simple-web-server-ThreadStarter 1-52
2023-06-03 17:11:25,036 INFO o.a.j.t.JMeterThread: Thread is done: simple-web-server-ThreadStarter 1-9
2023-06-03 17:11:25,036 INFO o.a.j.t.JMeterThread: Thread finished: simple-web-server-ThreadStarter 1-9
2023-06-03 17:11:25,040 INFO o.a.j.t.JMeterThread: Thread is done: simple-web-server-ThreadStarter 1-24
2023-06-03 17:11:25,040 INFO o.a.j.t.JMeterThread: Thread finished: simple-web-server-ThreadStarter 1-24
2023-06-03 17:11:25,043 INFO o.a.j.t.JMeterThread: Thread is done: simple-web-server-ThreadStarter 1-57
2023-06-03 17:11:25,044 INFO o.a.j.t.JMeterThread: Thread finished: simple-web-server-ThreadStarter 1-57
2023-06-03 17:11:25,047 INFO o.a.j.t.JMeterThread: Thread is done: simple-web-server-ThreadStarter 1-5
2023-06-03 17:11:25,048 INFO o.a.j.t.JMeterThread: Thread finished: simple-web-server-ThreadStarter 1-5
2023-06-03 17:11:25,052 INFO o.a.j.t.JMeterThread: Thread is done: simple-web-server-ThreadStarter 1-23
2023-06-03 17:11:25,052 INFO o.a.j.t.JMeterThread: Thread finished: simple-web-server-ThreadStarter 1-23
2023-06-03 17:11:25,058 INFO o.a.j.t.JMeterThread: Thread is done: simple-web-server-ThreadStarter 1-28
2023-06-03 17:11:25,058 INFO o.a.j.t.JMeterThread: Thread finished: simple-web-server-ThreadStarter 1-28
2023-06-03 17:11:25,180 INFO o.a.j.t.JMeterThread: Thread is done: simple-web-server-ThreadStarter 1-17
2023-06-03 17:11:25,180 INFO o.a.j.t.JMeterThread: Thread finished: simple-web-server-ThreadStarter 1-17
2023-06-03 17:11:25,196 INFO o.a.j.t.JMeterThread: Thread is done: simple-web-server-ThreadStarter 1-51
2023-06-03 17:11:25,196 INFO o.a.j.t.JMeterThread: Thread finished: simple-web-server-ThreadStarter 1-51
2023-06-03 17:11:25,201 INFO o.a.j.t.JMeterThread: Thread is done: simple-web-server-ThreadStarter 1-60
2023-06-03 17:11:25,201 INFO o.a.j.t.JMeterThread: Thread finished: simple-web-server-ThreadStarter 1-60
2023-06-03 17:11:25,205 INFO o.a.j.t.JMeterThread: Thread is done: simple-web-server-ThreadStarter 1-55
2023-06-03 17:11:25,206 INFO o.a.j.t.JMeterThread: Thread finished: simple-web-server-ThreadStarter 1-55
2023-06-03 17:11:25,212 INFO o.a.j.t.JMeterThread: Thread is done: simple-web-server-ThreadStarter 1-50
2023-06-03 17:11:25,212 INFO o.a.j.t.JMeterThread: Thread finished: simple-web-server-ThreadStarter 1-50
2023-06-03 17:11:25,217 INFO o.a.j.t.JMeterThread: Thread is done: simple-web-server-ThreadStarter 1-53
2023-06-03 17:11:25,217 INFO o.a.j.t.JMeterThread: Thread finished: simple-web-server-ThreadStarter 1-53
2023-06-03 17:11:25,222 INFO o.a.j.t.JMeterThread: Thread is done: simple-web-server-ThreadStarter 1-48
2023-06-03 17:11:25,223 INFO o.a.j.t.JMeterThread: Thread finished: simple-web-server-ThreadStarter 1-48
2023-06-03 17:11:25,228 INFO o.a.j.t.JMeterThread: Thread is done: simple-web-server-ThreadStarter 1-30
2023-06-03 17:11:25,228 INFO o.a.j.t.JMeterThread: Thread finished: simple-web-server-ThreadStarter 1-30
2023-06-03 17:11:25,234 INFO o.a.j.t.JMeterThread: Thread is done: simple-web-server-ThreadStarter 1-42
2023-06-03 17:11:25,234 INFO o.a.j.t.JMeterThread: Thread finished: simple-web-server-ThreadStarter 1-42
2023-06-03 17:11:25,241 INFO o.a.j.t.JMeterThread: Thread is done: simple-web-server-ThreadStarter 1-47
2023-06-03 17:11:25,242 INFO o.a.j.t.JMeterThread: Thread finished: simple-web-server-ThreadStarter 1-47
2023-06-03 17:11:25,247 INFO o.a.j.t.JMeterThread: Thread is done: simple-web-server-ThreadStarter 1-20
2023-06-03 17:11:25,247 INFO o.a.j.t.JMeterThread: Thread finished: simple-web-server-ThreadStarter 1-20
2023-06-03 17:11:25,255 INFO o.a.j.t.JMeterThread: Thread is done: simple-web-server-ThreadStarter 1-14
2023-06-03 17:11:25,256 INFO o.a.j.t.JMeterThread: Thread finished: simple-web-server-ThreadStarter 1-14
2023-06-03 17:11:25,260 INFO o.a.j.t.JMeterThread: Thread is done: simple-web-server-ThreadStarter 1-15
2023-06-03 17:11:25,261 INFO o.a.j.t.JMeterThread: Thread finished: simple-web-server-ThreadStarter 1-15
2023-06-03 17:11:25,265 INFO o.a.j.t.JMeterThread: Thread is done: simple-web-server-ThreadStarter 1-34
2023-06-03 17:11:25,265 INFO o.a.j.t.JMeterThread: Thread finished: simple-web-server-ThreadStarter 1-34
2023-06-03 17:11:25,271 INFO o.a.j.t.JMeterThread: Thread is done: simple-web-server-ThreadStarter 1-3
2023-06-03 17:11:25,272 INFO o.a.j.t.JMeterThread: Thread finished: simple-web-server-ThreadStarter 1-3
2023-06-03 17:11:25,277 INFO o.a.j.t.JMeterThread: Thread is done: simple-web-server-ThreadStarter 1-1
2023-06-03 17:11:25,277 INFO o.a.j.t.JMeterThread: Thread finished: simple-web-server-ThreadStarter 1-1
2023-06-03 17:11:25,282 INFO o.a.j.t.JMeterThread: Thread is done: simple-web-server-ThreadStarter 1-12
2023-06-03 17:11:25,282 INFO o.a.j.t.JMeterThread: Thread finished: simple-web-server-ThreadStarter 1-12
2023-06-03 17:11:25,287 INFO o.a.j.t.JMeterThread: Thread is done: simple-web-server-ThreadStarter 1-37
2023-06-03 17:11:25,288 INFO o.a.j.t.JMeterThread: Thread finished: simple-web-server-ThreadStarter 1-37
2023-06-03 17:11:25,288 INFO o.a.j.e.StandardJMeterEngine: Notifying test listeners of end of test
2023-06-03 17:11:25,292 INFO o.a.j.e.StandardJMeterEngine: Forced JVM shutdown requested at end of test
