2023-07-04 22:29:55,634 INFO o.a.j.u.JMeterUtils: Setting Locale to en_EN
2023-07-04 22:29:55,651 INFO o.a.j.JMeter: Loading user properties from: C:\Users\gavwu\.bzt\jmeter-taurus\5.4.3\bin\user.properties
2023-07-04 22:29:55,652 INFO o.a.j.JMeter: Loading system properties from: C:\Users\gavwu\.bzt\jmeter-taurus\5.4.3\bin\system.properties
2023-07-04 22:29:55,652 INFO o.a.j.JMeter: Loading additional properties from: C:\Users\gavwu\Development\simple-web-server\2023-07-04_22-29-45.149702\jmeter-bzt.properties
2023-07-04 22:29:55,653 INFO o.a.j.JMeter: Setting System properties from file: C:\Users\gavwu\Development\simple-web-server\2023-07-04_22-29-45.149702\system.properties
2023-07-04 22:29:55,657 INFO o.a.j.JMeter: Copyright (c) 1998-2021 The Apache Software Foundation
2023-07-04 22:29:55,660 INFO o.a.j.JMeter: Version 5.4.3
2023-07-04 22:29:55,661 INFO o.a.j.JMeter: java.version=11.0.14
2023-07-04 22:29:55,661 INFO o.a.j.JMeter: java.vm.name=Java HotSpot(TM) 64-Bit Server VM
2023-07-04 22:29:55,661 INFO o.a.j.JMeter: os.name=Windows 10
2023-07-04 22:29:55,661 INFO o.a.j.JMeter: os.arch=amd64
2023-07-04 22:29:55,661 INFO o.a.j.JMeter: os.version=10.0
2023-07-04 22:29:55,661 INFO o.a.j.JMeter: file.encoding=Cp1252
2023-07-04 22:29:55,661 INFO o.a.j.JMeter: java.awt.headless=true
2023-07-04 22:29:55,661 INFO o.a.j.JMeter: Max memory     =1073741824
2023-07-04 22:29:55,662 INFO o.a.j.JMeter: Available Processors =12
2023-07-04 22:29:55,669 INFO o.a.j.JMeter: Default Locale=English (EN)
2023-07-04 22:29:55,669 INFO o.a.j.JMeter: JMeter  Locale=English (EN)
2023-07-04 22:29:55,669 INFO o.a.j.JMeter: JMeterHome=C:\Users\gavwu\.bzt\jmeter-taurus\5.4.3
2023-07-04 22:29:55,669 INFO o.a.j.JMeter: user.dir  =C:\Users\gavwu\Development\simple-web-server
2023-07-04 22:29:55,670 INFO o.a.j.JMeter: PWD       =C:\Users\gavwu\Development\simple-web-server
2023-07-04 22:29:55,671 INFO o.a.j.JMeter: IP: 10.6.15.114 Name: L50876 FullName: L50876.ksd.KINGLAND.CC
2023-07-04 22:29:55,671 INFO o.a.j.JMeter: user.classpath=C:/Users/gavwu/Development/simple-web-server/2023-07-04_22-29-45.149702;C:/Users/gavwu/Development/simple-web-server/2023-07-04_22-29-45.149702
2023-07-04 22:29:55,672 INFO o.a.j.JMeter: Adding to classpath and loader: C:/Users/gavwu/Development/simple-web-server/2023-07-04_22-29-45.149702
2023-07-04 22:29:55,673 INFO o.a.j.JMeter: Adding to classpath and loader: C:/Users/gavwu/Development/simple-web-server/2023-07-04_22-29-45.149702
2023-07-04 22:29:55,677 INFO o.a.j.s.FileServer: Default base='C:\Users\gavwu\Development\simple-web-server'
2023-07-04 22:29:55,678 INFO o.a.j.s.FileServer: Set new base='C:\Users\gavwu\Development\simple-web-server\2023-07-04_22-29-45.149702'
2023-07-04 22:29:55,808 INFO o.a.j.s.SaveService: Testplan (JMX) version: 2.2. Testlog (JTL) version: 2.2
2023-07-04 22:29:55,822 INFO o.a.j.s.SaveService: Using SaveService properties version 5.0
2023-07-04 22:29:55,826 INFO o.a.j.s.SaveService: Using SaveService properties file encoding UTF-8
2023-07-04 22:29:55,828 INFO o.a.j.s.SaveService: Loading file: C:\Users\gavwu\Development\simple-web-server\2023-07-04_22-29-45.149702\modified_requests.jmx
2023-07-04 22:29:55,861 INFO o.a.j.p.h.c.CacheManager: Will only cache the following methods: [GET]
2023-07-04 22:29:55,862 INFO o.a.j.p.h.c.CookieManager: Settings: Delete null: true Check: true Allow variable: true Save: false Prefix: COOKIE_
2023-07-04 22:29:55,874 INFO o.a.j.p.h.s.HTTPSamplerBase: Parser for text/html is org.apache.jmeter.protocol.http.parser.LagartoBasedHtmlParser
2023-07-04 22:29:55,874 INFO o.a.j.p.h.s.HTTPSamplerBase: Parser for application/xhtml+xml is org.apache.jmeter.protocol.http.parser.LagartoBasedHtmlParser
2023-07-04 22:29:55,874 INFO o.a.j.p.h.s.HTTPSamplerBase: Parser for application/xml is org.apache.jmeter.protocol.http.parser.LagartoBasedHtmlParser
2023-07-04 22:29:55,874 INFO o.a.j.p.h.s.HTTPSamplerBase: Parser for text/xml is org.apache.jmeter.protocol.http.parser.LagartoBasedHtmlParser
2023-07-04 22:29:55,875 INFO o.a.j.p.h.s.HTTPSamplerBase: Parser for text/vnd.wap.wml is org.apache.jmeter.protocol.http.parser.RegexpHTMLParser
2023-07-04 22:29:55,875 INFO o.a.j.p.h.s.HTTPSamplerBase: Parser for text/css is org.apache.jmeter.protocol.http.parser.CssParser
2023-07-04 22:29:55,893 INFO o.a.j.e.StandardJMeterEngine: Running the test!
2023-07-04 22:29:55,894 INFO o.a.j.s.SampleEvent: List of sample_variables: []
2023-07-04 22:29:55,894 INFO o.a.j.s.SampleEvent: List of sample_variables: []
2023-07-04 22:29:55,901 INFO o.a.j.e.u.CompoundVariable: Note: Function class names must contain the string: '.functions.'
2023-07-04 22:29:55,901 INFO o.a.j.e.u.CompoundVariable: Note: Function class names must not contain the string: '.gui.'
2023-07-04 22:29:56,157 INFO o.a.j.JMeter: Running test (1688480996157)
2023-07-04 22:29:56,175 INFO o.a.j.e.StandardJMeterEngine: Starting ThreadGroup: 1 : simple-web-server
2023-07-04 22:29:56,175 INFO o.a.j.e.StandardJMeterEngine: Starting 60 threads for group simple-web-server.
2023-07-04 22:29:56,175 INFO o.a.j.e.StandardJMeterEngine: Thread will continue on error
2023-07-04 22:29:56,178 INFO o.a.j.e.StandardJMeterEngine: All thread groups have been started
2023-07-04 22:29:56,179 INFO c.b.j.t.c.ConcurrencyThreadStarter: Start supplying threads
2023-07-04 22:29:56,269 INFO o.a.j.s.SampleResult: Note: Sample TimeStamps are START times
2023-07-04 22:29:56,269 INFO o.a.j.s.SampleResult: sampleresult.default.encoding is set to UTF-8
2023-07-04 22:29:56,270 INFO o.a.j.s.SampleResult: sampleresult.useNanoTime=true
2023-07-04 22:29:56,270 INFO o.a.j.s.SampleResult: sampleresult.nanoThreadSleep=5000
2023-07-04 22:29:56,271 INFO o.a.j.t.JMeterThread: Thread started: simple-web-server-ThreadStarter 1-1
2023-07-04 22:29:56,286 INFO o.a.j.p.h.s.HTTPHCAbstractImpl: Local host = L50876
2023-07-04 22:29:56,290 INFO o.a.j.p.h.s.HTTPHC4Impl: HTTP request retry count = 0
2023-07-04 22:29:56,377 INFO o.a.j.u.JsseSSLManager: Using default SSL protocol: TLS
2023-07-04 22:29:56,378 INFO o.a.j.u.JsseSSLManager: SSL session context: per-thread
2023-07-04 22:29:57,283 INFO o.a.j.t.JMeterThread: Thread started: simple-web-server-ThreadStarter 1-2
2023-07-04 22:29:57,284 INFO o.a.j.t.JMeterThread: Thread started: simple-web-server-ThreadStarter 1-3
2023-07-04 22:29:57,285 INFO o.a.j.t.JMeterThread: Thread started: simple-web-server-ThreadStarter 1-4
2023-07-04 22:29:57,286 INFO o.a.j.t.JMeterThread: Thread started: simple-web-server-ThreadStarter 1-5
2023-07-04 22:29:57,286 INFO o.a.j.t.JMeterThread: Thread started: simple-web-server-ThreadStarter 1-6
2023-07-04 22:29:57,287 INFO o.a.j.t.JMeterThread: Thread started: simple-web-server-ThreadStarter 1-7
2023-07-04 22:29:58,295 INFO o.a.j.t.JMeterThread: Thread started: simple-web-server-ThreadStarter 1-8
2023-07-04 22:29:58,297 INFO o.a.j.t.JMeterThread: Thread started: simple-web-server-ThreadStarter 1-9
2023-07-04 22:29:58,300 INFO o.a.j.t.JMeterThread: Thread started: simple-web-server-ThreadStarter 1-10
2023-07-04 22:29:58,300 INFO o.a.j.t.JMeterThread: Thread started: simple-web-server-ThreadStarter 1-11
2023-07-04 22:29:58,300 INFO o.a.j.t.JMeterThread: Thread started: simple-web-server-ThreadStarter 1-12
2023-07-04 22:29:58,302 INFO o.a.j.t.JMeterThread: Thread started: simple-web-server-ThreadStarter 1-13
2023-07-04 22:29:59,312 INFO o.a.j.t.JMeterThread: Thread started: simple-web-server-ThreadStarter 1-14
2023-07-04 22:29:59,317 INFO o.a.j.t.JMeterThread: Thread started: simple-web-server-ThreadStarter 1-15
2023-07-04 22:29:59,320 INFO o.a.j.t.JMeterThread: Thread started: simple-web-server-ThreadStarter 1-16
2023-07-04 22:29:59,324 INFO o.a.j.t.JMeterThread: Thread started: simple-web-server-ThreadStarter 1-17
2023-07-04 22:29:59,327 INFO o.a.j.t.JMeterThread: Thread started: simple-web-server-ThreadStarter 1-18
2023-07-04 22:29:59,330 INFO o.a.j.t.JMeterThread: Thread started: simple-web-server-ThreadStarter 1-19
2023-07-04 22:30:00,320 INFO o.a.j.t.JMeterThread: Thread started: simple-web-server-ThreadStarter 1-20
2023-07-04 22:30:00,323 INFO o.a.j.t.JMeterThread: Thread started: simple-web-server-ThreadStarter 1-21
2023-07-04 22:30:00,323 INFO o.a.j.t.JMeterThread: Thread started: simple-web-server-ThreadStarter 1-23
2023-07-04 22:30:00,323 INFO o.a.j.t.JMeterThread: Thread started: simple-web-server-ThreadStarter 1-22
2023-07-04 22:30:00,324 INFO o.a.j.t.JMeterThread: Thread started: simple-web-server-ThreadStarter 1-24
2023-07-04 22:30:00,324 INFO o.a.j.t.JMeterThread: Thread started: simple-web-server-ThreadStarter 1-25
2023-07-04 22:30:01,340 INFO o.a.j.t.JMeterThread: Thread started: simple-web-server-ThreadStarter 1-27
2023-07-04 22:30:01,341 INFO o.a.j.t.JMeterThread: Thread started: simple-web-server-ThreadStarter 1-29
2023-07-04 22:30:01,341 INFO o.a.j.t.JMeterThread: Thread started: simple-web-server-ThreadStarter 1-26
2023-07-04 22:30:01,343 INFO o.a.j.t.JMeterThread: Thread started: simple-web-server-ThreadStarter 1-30
2023-07-04 22:30:01,343 INFO o.a.j.t.JMeterThread: Thread started: simple-web-server-ThreadStarter 1-28
2023-07-04 22:30:01,346 INFO o.a.j.t.JMeterThread: Thread started: simple-web-server-ThreadStarter 1-31
2023-07-04 22:30:02,357 INFO o.a.j.t.JMeterThread: Thread started: simple-web-server-ThreadStarter 1-32
2023-07-04 22:30:02,359 INFO o.a.j.t.JMeterThread: Thread started: simple-web-server-ThreadStarter 1-34
2023-07-04 22:30:02,360 INFO o.a.j.t.JMeterThread: Thread started: simple-web-server-ThreadStarter 1-33
2023-07-04 22:30:02,361 INFO o.a.j.t.JMeterThread: Thread started: simple-web-server-ThreadStarter 1-35
2023-07-04 22:30:02,378 INFO o.a.j.t.JMeterThread: Thread started: simple-web-server-ThreadStarter 1-36
2023-07-04 22:30:02,378 INFO o.a.j.t.JMeterThread: Thread started: simple-web-server-ThreadStarter 1-37
2023-07-04 22:30:03,373 INFO o.a.j.t.JMeterThread: Thread started: simple-web-server-ThreadStarter 1-38
2023-07-04 22:30:03,375 INFO o.a.j.t.JMeterThread: Thread started: simple-web-server-ThreadStarter 1-39
2023-07-04 22:30:03,375 INFO o.a.j.t.JMeterThread: Thread started: simple-web-server-ThreadStarter 1-40
2023-07-04 22:30:03,376 INFO o.a.j.t.JMeterThread: Thread started: simple-web-server-ThreadStarter 1-41
2023-07-04 22:30:03,378 INFO o.a.j.t.JMeterThread: Thread started: simple-web-server-ThreadStarter 1-42
2023-07-04 22:30:03,378 INFO o.a.j.t.JMeterThread: Thread started: simple-web-server-ThreadStarter 1-43
2023-07-04 22:30:04,384 INFO o.a.j.t.JMeterThread: Thread started: simple-web-server-ThreadStarter 1-44
2023-07-04 22:30:04,385 INFO o.a.j.t.JMeterThread: Thread started: simple-web-server-ThreadStarter 1-45
2023-07-04 22:30:04,386 INFO o.a.j.t.JMeterThread: Thread started: simple-web-server-ThreadStarter 1-46
2023-07-04 22:30:04,386 INFO o.a.j.t.JMeterThread: Thread started: simple-web-server-ThreadStarter 1-47
2023-07-04 22:30:04,387 INFO o.a.j.t.JMeterThread: Thread started: simple-web-server-ThreadStarter 1-48
2023-07-04 22:30:04,389 INFO o.a.j.t.JMeterThread: Thread started: simple-web-server-ThreadStarter 1-49
2023-07-04 22:30:05,404 INFO o.a.j.t.JMeterThread: Thread started: simple-web-server-ThreadStarter 1-50
2023-07-04 22:30:05,404 INFO o.a.j.t.JMeterThread: Thread started: simple-web-server-ThreadStarter 1-51
2023-07-04 22:30:05,405 INFO o.a.j.t.JMeterThread: Thread started: simple-web-server-ThreadStarter 1-52
2023-07-04 22:30:05,405 INFO o.a.j.t.JMeterThread: Thread started: simple-web-server-ThreadStarter 1-53
2023-07-04 22:30:05,405 INFO o.a.j.t.JMeterThread: Thread started: simple-web-server-ThreadStarter 1-54
2023-07-04 22:30:05,406 INFO o.a.j.t.JMeterThread: Thread started: simple-web-server-ThreadStarter 1-55
2023-07-04 22:30:06,413 INFO o.a.j.t.JMeterThread: Thread started: simple-web-server-ThreadStarter 1-56
2023-07-04 22:30:06,413 INFO o.a.j.t.JMeterThread: Thread started: simple-web-server-ThreadStarter 1-57
2023-07-04 22:30:06,414 INFO o.a.j.t.JMeterThread: Thread started: simple-web-server-ThreadStarter 1-58
2023-07-04 22:30:06,414 INFO o.a.j.t.JMeterThread: Thread started: simple-web-server-ThreadStarter 1-59
2023-07-04 22:30:06,414 INFO o.a.j.t.JMeterThread: Thread started: simple-web-server-ThreadStarter 1-60
2023-07-04 22:31:06,901 INFO c.b.j.t.c.ConcurrencyThreadStarter: Done supplying threads
2023-07-04 22:31:06,902 INFO o.a.j.t.JMeterThread: Thread is done: simple-web-server-ThreadStarter 1-36
2023-07-04 22:31:06,902 INFO o.a.j.t.JMeterThread: Thread finished: simple-web-server-ThreadStarter 1-36
2023-07-04 22:31:06,904 INFO o.a.j.t.JMeterThread: Thread is done: simple-web-server-ThreadStarter 1-19
2023-07-04 22:31:06,904 INFO o.a.j.t.JMeterThread: Thread finished: simple-web-server-ThreadStarter 1-19
2023-07-04 22:31:06,904 INFO o.a.j.t.JMeterThread: Thread is done: simple-web-server-ThreadStarter 1-9
2023-07-04 22:31:06,904 INFO o.a.j.t.JMeterThread: Thread finished: simple-web-server-ThreadStarter 1-9
2023-07-04 22:31:06,904 INFO o.a.j.t.JMeterThread: Thread is done: simple-web-server-ThreadStarter 1-56
2023-07-04 22:31:06,904 INFO o.a.j.t.JMeterThread: Thread is done: simple-web-server-ThreadStarter 1-27
2023-07-04 22:31:06,904 INFO o.a.j.t.JMeterThread: Thread finished: simple-web-server-ThreadStarter 1-56
2023-07-04 22:31:06,904 INFO o.a.j.t.JMeterThread: Thread finished: simple-web-server-ThreadStarter 1-27
2023-07-04 22:31:06,905 INFO o.a.j.t.JMeterThread: Thread is done: simple-web-server-ThreadStarter 1-29
2023-07-04 22:31:06,905 INFO o.a.j.t.JMeterThread: Thread is done: simple-web-server-ThreadStarter 1-24
2023-07-04 22:31:06,905 INFO o.a.j.t.JMeterThread: Thread finished: simple-web-server-ThreadStarter 1-29
2023-07-04 22:31:06,905 INFO o.a.j.t.JMeterThread: Thread finished: simple-web-server-ThreadStarter 1-24
2023-07-04 22:31:06,905 INFO o.a.j.t.JMeterThread: Thread is done: simple-web-server-ThreadStarter 1-53
2023-07-04 22:31:06,905 INFO o.a.j.t.JMeterThread: Thread is done: simple-web-server-ThreadStarter 1-8
2023-07-04 22:31:06,905 INFO o.a.j.t.JMeterThread: Thread finished: simple-web-server-ThreadStarter 1-53
2023-07-04 22:31:06,905 INFO o.a.j.t.JMeterThread: Thread finished: simple-web-server-ThreadStarter 1-8
2023-07-04 22:31:06,906 INFO o.a.j.t.JMeterThread: Thread is done: simple-web-server-ThreadStarter 1-46
2023-07-04 22:31:06,906 INFO o.a.j.t.JMeterThread: Thread is done: simple-web-server-ThreadStarter 1-45
2023-07-04 22:31:06,906 INFO o.a.j.t.JMeterThread: Thread finished: simple-web-server-ThreadStarter 1-46
2023-07-04 22:31:06,906 INFO o.a.j.t.JMeterThread: Thread finished: simple-web-server-ThreadStarter 1-45
2023-07-04 22:31:06,906 INFO o.a.j.t.JMeterThread: Thread is done: simple-web-server-ThreadStarter 1-25
2023-07-04 22:31:06,906 INFO o.a.j.t.JMeterThread: Thread is done: simple-web-server-ThreadStarter 1-14
2023-07-04 22:31:06,907 INFO o.a.j.t.JMeterThread: Thread finished: simple-web-server-ThreadStarter 1-25
2023-07-04 22:31:06,907 INFO o.a.j.t.JMeterThread: Thread is done: simple-web-server-ThreadStarter 1-38
2023-07-04 22:31:06,907 INFO o.a.j.t.JMeterThread: Thread finished: simple-web-server-ThreadStarter 1-14
2023-07-04 22:31:06,907 INFO o.a.j.t.JMeterThread: Thread finished: simple-web-server-ThreadStarter 1-38
2023-07-04 22:31:06,907 INFO o.a.j.t.JMeterThread: Thread is done: simple-web-server-ThreadStarter 1-59
2023-07-04 22:31:06,907 INFO o.a.j.t.JMeterThread: Thread finished: simple-web-server-ThreadStarter 1-59
2023-07-04 22:31:06,910 INFO o.a.j.t.JMeterThread: Thread is done: simple-web-server-ThreadStarter 1-15
2023-07-04 22:31:06,910 INFO o.a.j.t.JMeterThread: Thread is done: simple-web-server-ThreadStarter 1-21
2023-07-04 22:31:06,910 INFO o.a.j.t.JMeterThread: Thread is done: simple-web-server-ThreadStarter 1-12
2023-07-04 22:31:06,910 INFO o.a.j.t.JMeterThread: Thread finished: simple-web-server-ThreadStarter 1-15
2023-07-04 22:31:06,910 INFO o.a.j.t.JMeterThread: Thread is done: simple-web-server-ThreadStarter 1-22
2023-07-04 22:31:06,910 INFO o.a.j.t.JMeterThread: Thread is done: simple-web-server-ThreadStarter 1-43
2023-07-04 22:31:06,910 INFO o.a.j.t.JMeterThread: Thread finished: simple-web-server-ThreadStarter 1-12
2023-07-04 22:31:06,910 INFO o.a.j.t.JMeterThread: Thread finished: simple-web-server-ThreadStarter 1-21
2023-07-04 22:31:06,910 INFO o.a.j.t.JMeterThread: Thread is done: simple-web-server-ThreadStarter 1-18
2023-07-04 22:31:06,910 INFO o.a.j.t.JMeterThread: Thread is done: simple-web-server-ThreadStarter 1-31
2023-07-04 22:31:06,910 INFO o.a.j.t.JMeterThread: Thread is done: simple-web-server-ThreadStarter 1-20
2023-07-04 22:31:06,911 INFO o.a.j.t.JMeterThread: Thread finished: simple-web-server-ThreadStarter 1-20
2023-07-04 22:31:06,911 INFO o.a.j.t.JMeterThread: Thread finished: simple-web-server-ThreadStarter 1-22
2023-07-04 22:31:06,911 INFO o.a.j.t.JMeterThread: Thread finished: simple-web-server-ThreadStarter 1-43
2023-07-04 22:31:06,911 INFO o.a.j.t.JMeterThread: Thread finished: simple-web-server-ThreadStarter 1-18
2023-07-04 22:31:06,911 INFO o.a.j.t.JMeterThread: Thread finished: simple-web-server-ThreadStarter 1-31
2023-07-04 22:31:06,912 INFO o.a.j.t.JMeterThread: Thread is done: simple-web-server-ThreadStarter 1-35
2023-07-04 22:31:06,912 INFO o.a.j.t.JMeterThread: Thread is done: simple-web-server-ThreadStarter 1-57
2023-07-04 22:31:06,912 INFO o.a.j.t.JMeterThread: Thread finished: simple-web-server-ThreadStarter 1-35
2023-07-04 22:31:06,912 INFO o.a.j.t.JMeterThread: Thread is done: simple-web-server-ThreadStarter 1-23
2023-07-04 22:31:06,912 INFO o.a.j.t.JMeterThread: Thread finished: simple-web-server-ThreadStarter 1-57
2023-07-04 22:31:06,912 INFO o.a.j.t.JMeterThread: Thread is done: simple-web-server-ThreadStarter 1-5
2023-07-04 22:31:06,912 INFO o.a.j.t.JMeterThread: Thread finished: simple-web-server-ThreadStarter 1-23
2023-07-04 22:31:06,912 INFO o.a.j.t.JMeterThread: Thread finished: simple-web-server-ThreadStarter 1-5
2023-07-04 22:31:06,914 INFO o.a.j.t.JMeterThread: Thread is done: simple-web-server-ThreadStarter 1-52
2023-07-04 22:31:06,914 INFO o.a.j.t.JMeterThread: Thread is done: simple-web-server-ThreadStarter 1-37
2023-07-04 22:31:06,914 INFO o.a.j.t.JMeterThread: Thread finished: simple-web-server-ThreadStarter 1-52
2023-07-04 22:31:06,914 INFO o.a.j.t.JMeterThread: Thread finished: simple-web-server-ThreadStarter 1-37
2023-07-04 22:31:06,916 INFO o.a.j.t.JMeterThread: Thread is done: simple-web-server-ThreadStarter 1-41
2023-07-04 22:31:06,916 INFO o.a.j.t.JMeterThread: Thread finished: simple-web-server-ThreadStarter 1-41
2023-07-04 22:31:06,916 INFO o.a.j.t.JMeterThread: Thread is done: simple-web-server-ThreadStarter 1-60
2023-07-04 22:31:06,917 INFO o.a.j.t.JMeterThread: Thread finished: simple-web-server-ThreadStarter 1-60
2023-07-04 22:31:06,919 INFO o.a.j.t.JMeterThread: Thread is done: simple-web-server-ThreadStarter 1-51
2023-07-04 22:31:06,919 INFO o.a.j.t.JMeterThread: Thread finished: simple-web-server-ThreadStarter 1-51
2023-07-04 22:31:06,919 INFO o.a.j.t.JMeterThread: Thread is done: simple-web-server-ThreadStarter 1-58
2023-07-04 22:31:06,919 INFO o.a.j.t.JMeterThread: Thread finished: simple-web-server-ThreadStarter 1-58
2023-07-04 22:31:06,919 INFO o.a.j.t.JMeterThread: Thread is done: simple-web-server-ThreadStarter 1-44
2023-07-04 22:31:06,919 INFO o.a.j.t.JMeterThread: Thread finished: simple-web-server-ThreadStarter 1-44
2023-07-04 22:31:06,919 INFO o.a.j.t.JMeterThread: Thread is done: simple-web-server-ThreadStarter 1-4
2023-07-04 22:31:06,919 INFO o.a.j.t.JMeterThread: Thread is done: simple-web-server-ThreadStarter 1-16
2023-07-04 22:31:06,919 INFO o.a.j.t.JMeterThread: Thread finished: simple-web-server-ThreadStarter 1-4
2023-07-04 22:31:06,919 INFO o.a.j.t.JMeterThread: Thread finished: simple-web-server-ThreadStarter 1-16
2023-07-04 22:31:06,920 INFO o.a.j.t.JMeterThread: Thread is done: simple-web-server-ThreadStarter 1-33
2023-07-04 22:31:06,920 INFO o.a.j.t.JMeterThread: Thread is done: simple-web-server-ThreadStarter 1-48
2023-07-04 22:31:06,920 INFO o.a.j.t.JMeterThread: Thread finished: simple-web-server-ThreadStarter 1-33
2023-07-04 22:31:06,920 INFO o.a.j.t.JMeterThread: Thread finished: simple-web-server-ThreadStarter 1-48
2023-07-04 22:31:06,920 INFO o.a.j.t.JMeterThread: Thread is done: simple-web-server-ThreadStarter 1-47
2023-07-04 22:31:06,920 INFO o.a.j.t.JMeterThread: Thread is done: simple-web-server-ThreadStarter 1-6
2023-07-04 22:31:06,920 INFO o.a.j.t.JMeterThread: Thread finished: simple-web-server-ThreadStarter 1-47
2023-07-04 22:31:06,920 INFO o.a.j.t.JMeterThread: Thread finished: simple-web-server-ThreadStarter 1-6
2023-07-04 22:31:06,922 INFO o.a.j.t.JMeterThread: Thread is done: simple-web-server-ThreadStarter 1-1
2023-07-04 22:31:06,922 INFO o.a.j.t.JMeterThread: Thread is done: simple-web-server-ThreadStarter 1-50
2023-07-04 22:31:06,923 INFO o.a.j.t.JMeterThread: Thread finished: simple-web-server-ThreadStarter 1-1
2023-07-04 22:31:06,923 INFO o.a.j.t.JMeterThread: Thread finished: simple-web-server-ThreadStarter 1-50
2023-07-04 22:31:06,923 INFO o.a.j.t.JMeterThread: Thread is done: simple-web-server-ThreadStarter 1-32
2023-07-04 22:31:06,923 INFO o.a.j.t.JMeterThread: Thread is done: simple-web-server-ThreadStarter 1-30
2023-07-04 22:31:06,923 INFO o.a.j.t.JMeterThread: Thread is done: simple-web-server-ThreadStarter 1-11
2023-07-04 22:31:06,923 INFO o.a.j.t.JMeterThread: Thread finished: simple-web-server-ThreadStarter 1-32
2023-07-04 22:31:06,923 INFO o.a.j.t.JMeterThread: Thread finished: simple-web-server-ThreadStarter 1-11
2023-07-04 22:31:06,923 INFO o.a.j.t.JMeterThread: Thread finished: simple-web-server-ThreadStarter 1-30
2023-07-04 22:31:06,923 INFO o.a.j.t.JMeterThread: Thread is done: simple-web-server-ThreadStarter 1-34
2023-07-04 22:31:06,924 INFO o.a.j.t.JMeterThread: Thread finished: simple-web-server-ThreadStarter 1-34
2023-07-04 22:31:06,924 INFO o.a.j.t.JMeterThread: Thread is done: simple-web-server-ThreadStarter 1-54
2023-07-04 22:31:06,924 INFO o.a.j.t.JMeterThread: Thread finished: simple-web-server-ThreadStarter 1-54
2023-07-04 22:31:06,924 INFO o.a.j.t.JMeterThread: Thread is done: simple-web-server-ThreadStarter 1-39
2023-07-04 22:31:06,924 INFO o.a.j.t.JMeterThread: Thread finished: simple-web-server-ThreadStarter 1-39
2023-07-04 22:31:06,925 INFO o.a.j.t.JMeterThread: Thread is done: simple-web-server-ThreadStarter 1-42
2023-07-04 22:31:06,925 INFO o.a.j.t.JMeterThread: Thread is done: simple-web-server-ThreadStarter 1-49
2023-07-04 22:31:06,925 INFO o.a.j.t.JMeterThread: Thread finished: simple-web-server-ThreadStarter 1-42
2023-07-04 22:31:06,925 INFO o.a.j.t.JMeterThread: Thread finished: simple-web-server-ThreadStarter 1-49
2023-07-04 22:31:06,925 INFO o.a.j.t.JMeterThread: Thread is done: simple-web-server-ThreadStarter 1-26
2023-07-04 22:31:06,925 INFO o.a.j.t.JMeterThread: Thread is done: simple-web-server-ThreadStarter 1-2
2023-07-04 22:31:06,925 INFO o.a.j.t.JMeterThread: Thread finished: simple-web-server-ThreadStarter 1-26
2023-07-04 22:31:06,925 INFO o.a.j.t.JMeterThread: Thread finished: simple-web-server-ThreadStarter 1-2
2023-07-04 22:31:06,925 INFO o.a.j.t.JMeterThread: Thread is done: simple-web-server-ThreadStarter 1-7
2023-07-04 22:31:06,925 INFO o.a.j.t.JMeterThread: Thread finished: simple-web-server-ThreadStarter 1-7
2023-07-04 22:31:06,926 INFO o.a.j.t.JMeterThread: Thread is done: simple-web-server-ThreadStarter 1-40
2023-07-04 22:31:06,926 INFO o.a.j.t.JMeterThread: Thread finished: simple-web-server-ThreadStarter 1-40
2023-07-04 22:31:06,928 INFO o.a.j.t.JMeterThread: Thread is done: simple-web-server-ThreadStarter 1-10
2023-07-04 22:31:06,928 INFO o.a.j.t.JMeterThread: Thread is done: simple-web-server-ThreadStarter 1-17
2023-07-04 22:31:06,928 INFO o.a.j.t.JMeterThread: Thread finished: simple-web-server-ThreadStarter 1-10
2023-07-04 22:31:06,928 INFO o.a.j.t.JMeterThread: Thread finished: simple-web-server-ThreadStarter 1-17
2023-07-04 22:31:06,930 INFO o.a.j.t.JMeterThread: Thread is done: simple-web-server-ThreadStarter 1-3
2023-07-04 22:31:06,930 INFO o.a.j.t.JMeterThread: Thread is done: simple-web-server-ThreadStarter 1-13
2023-07-04 22:31:06,930 INFO o.a.j.t.JMeterThread: Thread finished: simple-web-server-ThreadStarter 1-3
2023-07-04 22:31:06,930 INFO o.a.j.t.JMeterThread: Thread finished: simple-web-server-ThreadStarter 1-13
2023-07-04 22:31:06,930 INFO o.a.j.t.JMeterThread: Thread is done: simple-web-server-ThreadStarter 1-55
2023-07-04 22:31:06,930 INFO o.a.j.t.JMeterThread: Thread finished: simple-web-server-ThreadStarter 1-55
2023-07-04 22:31:06,930 INFO o.a.j.t.JMeterThread: Thread is done: simple-web-server-ThreadStarter 1-28
2023-07-04 22:31:06,930 INFO o.a.j.t.JMeterThread: Thread finished: simple-web-server-ThreadStarter 1-28
2023-07-04 22:31:06,931 INFO o.a.j.e.StandardJMeterEngine: Notifying test listeners of end of test
2023-07-04 22:31:06,932 INFO o.a.j.e.StandardJMeterEngine: Forced JVM shutdown requested at end of test
