2023-06-03 20:01:15,932 INFO o.a.j.u.JMeterUtils: Setting Locale to en_EN
2023-06-03 20:01:15,952 INFO o.a.j.JMeter: Loading user properties from: C:\Users\gavwu\.bzt\jmeter-taurus\5.4.3\bin\user.properties
2023-06-03 20:01:15,953 INFO o.a.j.JMeter: Loading system properties from: C:\Users\gavwu\.bzt\jmeter-taurus\5.4.3\bin\system.properties
2023-06-03 20:01:15,954 INFO o.a.j.JMeter: Loading additional properties from: C:\Users\gavwu\Development\simple-web-server\2023-06-03_20-01-02.403341\jmeter-bzt.properties
2023-06-03 20:01:15,954 INFO o.a.j.JMeter: Setting System properties from file: C:\Users\gavwu\Development\simple-web-server\2023-06-03_20-01-02.403341\system.properties
2023-06-03 20:01:15,961 INFO o.a.j.JMeter: Copyright (c) 1998-2021 The Apache Software Foundation
2023-06-03 20:01:15,963 INFO o.a.j.JMeter: Version 5.4.3
2023-06-03 20:01:15,963 INFO o.a.j.JMeter: java.version=11.0.14
2023-06-03 20:01:15,963 INFO o.a.j.JMeter: java.vm.name=Java HotSpot(TM) 64-Bit Server VM
2023-06-03 20:01:15,963 INFO o.a.j.JMeter: os.name=Windows 10
2023-06-03 20:01:15,963 INFO o.a.j.JMeter: os.arch=amd64
2023-06-03 20:01:15,963 INFO o.a.j.JMeter: os.version=10.0
2023-06-03 20:01:15,963 INFO o.a.j.JMeter: file.encoding=Cp1252
2023-06-03 20:01:15,964 INFO o.a.j.JMeter: java.awt.headless=true
2023-06-03 20:01:15,964 INFO o.a.j.JMeter: Max memory     =1073741824
2023-06-03 20:01:15,964 INFO o.a.j.JMeter: Available Processors =12
2023-06-03 20:01:15,974 INFO o.a.j.JMeter: Default Locale=English (EN)
2023-06-03 20:01:15,974 INFO o.a.j.JMeter: JMeter  Locale=English (EN)
2023-06-03 20:01:15,974 INFO o.a.j.JMeter: JMeterHome=C:\Users\gavwu\.bzt\jmeter-taurus\5.4.3
2023-06-03 20:01:15,975 INFO o.a.j.JMeter: user.dir  =C:\Users\gavwu\Development\simple-web-server
2023-06-03 20:01:15,975 INFO o.a.j.JMeter: PWD       =C:\Users\gavwu\Development\simple-web-server
2023-06-03 20:01:15,977 INFO o.a.j.JMeter: IP: 10.6.15.159 Name: L50876 FullName: L50876.ksd.KINGLAND.CC
2023-06-03 20:01:15,977 INFO o.a.j.JMeter: user.classpath=C:/Users/gavwu/Development/simple-web-server/2023-06-03_20-01-02.403341;C:/Users/gavwu/Development/simple-web-server/2023-06-03_20-01-02.403341
2023-06-03 20:01:15,978 INFO o.a.j.JMeter: Adding to classpath and loader: C:/Users/gavwu/Development/simple-web-server/2023-06-03_20-01-02.403341
2023-06-03 20:01:15,980 INFO o.a.j.JMeter: Adding to classpath and loader: C:/Users/gavwu/Development/simple-web-server/2023-06-03_20-01-02.403341
2023-06-03 20:01:15,986 INFO o.a.j.s.FileServer: Default base='C:\Users\gavwu\Development\simple-web-server'
2023-06-03 20:01:15,987 INFO o.a.j.s.FileServer: Set new base='C:\Users\gavwu\Development\simple-web-server\2023-06-03_20-01-02.403341'
2023-06-03 20:01:16,152 INFO o.a.j.s.SaveService: Testplan (JMX) version: 2.2. Testlog (JTL) version: 2.2
2023-06-03 20:01:16,167 INFO o.a.j.s.SaveService: Using SaveService properties version 5.0
2023-06-03 20:01:16,170 INFO o.a.j.s.SaveService: Using SaveService properties file encoding UTF-8
2023-06-03 20:01:16,173 INFO o.a.j.s.SaveService: Loading file: C:\Users\gavwu\Development\simple-web-server\2023-06-03_20-01-02.403341\modified_requests.jmx
2023-06-03 20:01:16,214 INFO o.a.j.p.h.c.CacheManager: Will only cache the following methods: [GET]
2023-06-03 20:01:16,216 INFO o.a.j.p.h.c.CookieManager: Settings: Delete null: true Check: true Allow variable: true Save: false Prefix: COOKIE_
2023-06-03 20:01:16,228 INFO o.a.j.p.h.s.HTTPSamplerBase: Parser for text/html is org.apache.jmeter.protocol.http.parser.LagartoBasedHtmlParser
2023-06-03 20:01:16,229 INFO o.a.j.p.h.s.HTTPSamplerBase: Parser for application/xhtml+xml is org.apache.jmeter.protocol.http.parser.LagartoBasedHtmlParser
2023-06-03 20:01:16,229 INFO o.a.j.p.h.s.HTTPSamplerBase: Parser for application/xml is org.apache.jmeter.protocol.http.parser.LagartoBasedHtmlParser
2023-06-03 20:01:16,229 INFO o.a.j.p.h.s.HTTPSamplerBase: Parser for text/xml is org.apache.jmeter.protocol.http.parser.LagartoBasedHtmlParser
2023-06-03 20:01:16,229 INFO o.a.j.p.h.s.HTTPSamplerBase: Parser for text/vnd.wap.wml is org.apache.jmeter.protocol.http.parser.RegexpHTMLParser
2023-06-03 20:01:16,230 INFO o.a.j.p.h.s.HTTPSamplerBase: Parser for text/css is org.apache.jmeter.protocol.http.parser.CssParser
2023-06-03 20:01:16,251 INFO o.a.j.e.StandardJMeterEngine: Running the test!
2023-06-03 20:01:16,252 INFO o.a.j.s.SampleEvent: List of sample_variables: []
2023-06-03 20:01:16,252 INFO o.a.j.s.SampleEvent: List of sample_variables: []
2023-06-03 20:01:16,258 INFO o.a.j.e.u.CompoundVariable: Note: Function class names must contain the string: '.functions.'
2023-06-03 20:01:16,258 INFO o.a.j.e.u.CompoundVariable: Note: Function class names must not contain the string: '.gui.'
2023-06-03 20:01:16,635 INFO o.a.j.JMeter: Running test (1685793676635)
2023-06-03 20:01:16,658 INFO o.a.j.e.StandardJMeterEngine: Starting ThreadGroup: 1 : simple-web-server
2023-06-03 20:01:16,659 INFO o.a.j.e.StandardJMeterEngine: Starting 60 threads for group simple-web-server.
2023-06-03 20:01:16,660 INFO o.a.j.e.StandardJMeterEngine: Thread will continue on error
2023-06-03 20:01:16,667 INFO o.a.j.e.StandardJMeterEngine: All thread groups have been started
2023-06-03 20:01:16,673 INFO c.b.j.t.c.ConcurrencyThreadStarter: Start supplying threads
2023-06-03 20:01:16,770 INFO o.a.j.s.SampleResult: Note: Sample TimeStamps are START times
2023-06-03 20:01:16,770 INFO o.a.j.t.JMeterThread: Thread started: simple-web-server-ThreadStarter 1-1
2023-06-03 20:01:16,771 INFO o.a.j.s.SampleResult: sampleresult.default.encoding is set to UTF-8
2023-06-03 20:01:16,771 INFO o.a.j.s.SampleResult: sampleresult.useNanoTime=true
2023-06-03 20:01:16,771 INFO o.a.j.s.SampleResult: sampleresult.nanoThreadSleep=5000
2023-06-03 20:01:16,797 INFO o.a.j.p.h.s.HTTPHCAbstractImpl: Local host = L50876
2023-06-03 20:01:16,802 INFO o.a.j.p.h.s.HTTPHC4Impl: HTTP request retry count = 0
2023-06-03 20:01:16,923 INFO o.a.j.u.JsseSSLManager: Using default SSL protocol: TLS
2023-06-03 20:01:16,923 INFO o.a.j.u.JsseSSLManager: SSL session context: per-thread
2023-06-03 20:01:17,779 INFO o.a.j.t.JMeterThread: Thread started: simple-web-server-ThreadStarter 1-2
2023-06-03 20:01:17,780 INFO o.a.j.t.JMeterThread: Thread started: simple-web-server-ThreadStarter 1-3
2023-06-03 20:01:17,781 INFO o.a.j.t.JMeterThread: Thread started: simple-web-server-ThreadStarter 1-4
2023-06-03 20:01:17,782 INFO o.a.j.t.JMeterThread: Thread started: simple-web-server-ThreadStarter 1-5
2023-06-03 20:01:17,783 INFO o.a.j.t.JMeterThread: Thread started: simple-web-server-ThreadStarter 1-6
2023-06-03 20:01:17,783 INFO o.a.j.t.JMeterThread: Thread started: simple-web-server-ThreadStarter 1-7
2023-06-03 20:01:18,791 INFO o.a.j.t.JMeterThread: Thread started: simple-web-server-ThreadStarter 1-8
2023-06-03 20:01:18,792 INFO o.a.j.t.JMeterThread: Thread started: simple-web-server-ThreadStarter 1-9
2023-06-03 20:01:18,797 INFO o.a.j.t.JMeterThread: Thread started: simple-web-server-ThreadStarter 1-11
2023-06-03 20:01:18,797 INFO o.a.j.t.JMeterThread: Thread started: simple-web-server-ThreadStarter 1-10
2023-06-03 20:01:18,799 INFO o.a.j.t.JMeterThread: Thread started: simple-web-server-ThreadStarter 1-12
2023-06-03 20:01:18,801 INFO o.a.j.t.JMeterThread: Thread started: simple-web-server-ThreadStarter 1-13
2023-06-03 20:01:19,804 INFO o.a.j.t.JMeterThread: Thread started: simple-web-server-ThreadStarter 1-14
2023-06-03 20:01:19,805 INFO o.a.j.t.JMeterThread: Thread started: simple-web-server-ThreadStarter 1-15
2023-06-03 20:01:19,807 INFO o.a.j.t.JMeterThread: Thread started: simple-web-server-ThreadStarter 1-16
2023-06-03 20:01:19,808 INFO o.a.j.t.JMeterThread: Thread started: simple-web-server-ThreadStarter 1-17
2023-06-03 20:01:19,814 INFO o.a.j.t.JMeterThread: Thread started: simple-web-server-ThreadStarter 1-18
2023-06-03 20:01:19,816 INFO o.a.j.t.JMeterThread: Thread started: simple-web-server-ThreadStarter 1-19
2023-06-03 20:01:20,820 INFO o.a.j.t.JMeterThread: Thread started: simple-web-server-ThreadStarter 1-20
2023-06-03 20:01:20,821 INFO o.a.j.t.JMeterThread: Thread started: simple-web-server-ThreadStarter 1-21
2023-06-03 20:01:20,821 INFO o.a.j.t.JMeterThread: Thread started: simple-web-server-ThreadStarter 1-22
2023-06-03 20:01:20,823 INFO o.a.j.t.JMeterThread: Thread started: simple-web-server-ThreadStarter 1-23
2023-06-03 20:01:20,823 INFO o.a.j.t.JMeterThread: Thread started: simple-web-server-ThreadStarter 1-24
2023-06-03 20:01:20,824 INFO o.a.j.t.JMeterThread: Thread started: simple-web-server-ThreadStarter 1-25
2023-06-03 20:01:21,829 INFO o.a.j.t.JMeterThread: Thread started: simple-web-server-ThreadStarter 1-26
2023-06-03 20:01:21,829 INFO o.a.j.t.JMeterThread: Thread started: simple-web-server-ThreadStarter 1-27
2023-06-03 20:01:21,830 INFO o.a.j.t.JMeterThread: Thread started: simple-web-server-ThreadStarter 1-28
2023-06-03 20:01:21,830 INFO o.a.j.t.JMeterThread: Thread started: simple-web-server-ThreadStarter 1-29
2023-06-03 20:01:21,830 INFO o.a.j.t.JMeterThread: Thread started: simple-web-server-ThreadStarter 1-30
2023-06-03 20:01:21,831 INFO o.a.j.t.JMeterThread: Thread started: simple-web-server-ThreadStarter 1-31
2023-06-03 20:01:22,844 INFO o.a.j.t.JMeterThread: Thread started: simple-web-server-ThreadStarter 1-32
2023-06-03 20:01:22,845 INFO o.a.j.t.JMeterThread: Thread started: simple-web-server-ThreadStarter 1-33
2023-06-03 20:01:22,847 INFO o.a.j.t.JMeterThread: Thread started: simple-web-server-ThreadStarter 1-34
2023-06-03 20:01:22,847 INFO o.a.j.t.JMeterThread: Thread started: simple-web-server-ThreadStarter 1-36
2023-06-03 20:01:22,847 INFO o.a.j.t.JMeterThread: Thread started: simple-web-server-ThreadStarter 1-35
2023-06-03 20:01:22,847 INFO o.a.j.t.JMeterThread: Thread started: simple-web-server-ThreadStarter 1-37
2023-06-03 20:01:23,849 INFO o.a.j.t.JMeterThread: Thread started: simple-web-server-ThreadStarter 1-38
2023-06-03 20:01:23,849 INFO o.a.j.t.JMeterThread: Thread started: simple-web-server-ThreadStarter 1-39
2023-06-03 20:01:23,850 INFO o.a.j.t.JMeterThread: Thread started: simple-web-server-ThreadStarter 1-40
2023-06-03 20:01:23,851 INFO o.a.j.t.JMeterThread: Thread started: simple-web-server-ThreadStarter 1-41
2023-06-03 20:01:23,852 INFO o.a.j.t.JMeterThread: Thread started: simple-web-server-ThreadStarter 1-42
2023-06-03 20:01:23,852 INFO o.a.j.t.JMeterThread: Thread started: simple-web-server-ThreadStarter 1-43
2023-06-03 20:01:24,858 INFO o.a.j.t.JMeterThread: Thread started: simple-web-server-ThreadStarter 1-44
2023-06-03 20:01:24,858 INFO o.a.j.t.JMeterThread: Thread started: simple-web-server-ThreadStarter 1-45
2023-06-03 20:01:24,858 INFO o.a.j.t.JMeterThread: Thread started: simple-web-server-ThreadStarter 1-46
2023-06-03 20:01:24,859 INFO o.a.j.t.JMeterThread: Thread started: simple-web-server-ThreadStarter 1-47
2023-06-03 20:01:24,859 INFO o.a.j.t.JMeterThread: Thread started: simple-web-server-ThreadStarter 1-48
2023-06-03 20:01:24,859 INFO o.a.j.t.JMeterThread: Thread started: simple-web-server-ThreadStarter 1-49
2023-06-03 20:01:25,872 INFO o.a.j.t.JMeterThread: Thread started: simple-web-server-ThreadStarter 1-50
2023-06-03 20:01:25,873 INFO o.a.j.t.JMeterThread: Thread started: simple-web-server-ThreadStarter 1-51
2023-06-03 20:01:25,874 INFO o.a.j.t.JMeterThread: Thread started: simple-web-server-ThreadStarter 1-53
2023-06-03 20:01:25,874 INFO o.a.j.t.JMeterThread: Thread started: simple-web-server-ThreadStarter 1-52
2023-06-03 20:01:25,875 INFO o.a.j.t.JMeterThread: Thread started: simple-web-server-ThreadStarter 1-54
2023-06-03 20:01:25,876 INFO o.a.j.t.JMeterThread: Thread started: simple-web-server-ThreadStarter 1-55
2023-06-03 20:01:26,881 INFO o.a.j.t.JMeterThread: Thread started: simple-web-server-ThreadStarter 1-56
2023-06-03 20:01:26,882 INFO o.a.j.t.JMeterThread: Thread started: simple-web-server-ThreadStarter 1-57
2023-06-03 20:01:26,882 INFO o.a.j.t.JMeterThread: Thread started: simple-web-server-ThreadStarter 1-58
2023-06-03 20:01:26,882 INFO o.a.j.t.JMeterThread: Thread started: simple-web-server-ThreadStarter 1-59
2023-06-03 20:01:26,883 INFO o.a.j.t.JMeterThread: Thread started: simple-web-server-ThreadStarter 1-60
2023-06-03 20:02:27,433 INFO c.b.j.t.c.ConcurrencyThreadStarter: Done supplying threads
2023-06-03 20:02:27,433 INFO o.a.j.t.JMeterThread: Thread is done: simple-web-server-ThreadStarter 1-13
2023-06-03 20:02:27,433 INFO o.a.j.t.JMeterThread: Thread is done: simple-web-server-ThreadStarter 1-60
2023-06-03 20:02:27,434 INFO o.a.j.t.JMeterThread: Thread finished: simple-web-server-ThreadStarter 1-13
2023-06-03 20:02:27,434 INFO o.a.j.t.JMeterThread: Thread finished: simple-web-server-ThreadStarter 1-60
2023-06-03 20:02:27,434 INFO o.a.j.t.JMeterThread: Thread is done: simple-web-server-ThreadStarter 1-17
2023-06-03 20:02:27,435 INFO o.a.j.t.JMeterThread: Thread is done: simple-web-server-ThreadStarter 1-57
2023-06-03 20:02:27,435 INFO o.a.j.t.JMeterThread: Thread finished: simple-web-server-ThreadStarter 1-17
2023-06-03 20:02:27,435 INFO o.a.j.t.JMeterThread: Thread finished: simple-web-server-ThreadStarter 1-57
2023-06-03 20:02:27,437 INFO o.a.j.t.JMeterThread: Thread is done: simple-web-server-ThreadStarter 1-3
2023-06-03 20:02:27,437 INFO o.a.j.t.JMeterThread: Thread is done: simple-web-server-ThreadStarter 1-2
2023-06-03 20:02:27,437 INFO o.a.j.t.JMeterThread: Thread finished: simple-web-server-ThreadStarter 1-3
2023-06-03 20:02:27,437 INFO o.a.j.t.JMeterThread: Thread finished: simple-web-server-ThreadStarter 1-2
2023-06-03 20:02:27,439 INFO o.a.j.t.JMeterThread: Thread is done: simple-web-server-ThreadStarter 1-53
2023-06-03 20:02:27,439 INFO o.a.j.t.JMeterThread: Thread is done: simple-web-server-ThreadStarter 1-24
2023-06-03 20:02:27,439 INFO o.a.j.t.JMeterThread: Thread finished: simple-web-server-ThreadStarter 1-53
2023-06-03 20:02:27,439 INFO o.a.j.t.JMeterThread: Thread finished: simple-web-server-ThreadStarter 1-24
2023-06-03 20:02:27,440 INFO o.a.j.t.JMeterThread: Thread is done: simple-web-server-ThreadStarter 1-52
2023-06-03 20:02:27,440 INFO o.a.j.t.JMeterThread: Thread finished: simple-web-server-ThreadStarter 1-52
2023-06-03 20:02:27,440 INFO o.a.j.t.JMeterThread: Thread is done: simple-web-server-ThreadStarter 1-21
2023-06-03 20:02:27,440 INFO o.a.j.t.JMeterThread: Thread finished: simple-web-server-ThreadStarter 1-21
2023-06-03 20:02:27,440 INFO o.a.j.t.JMeterThread: Thread is done: simple-web-server-ThreadStarter 1-16
2023-06-03 20:02:27,440 INFO o.a.j.t.JMeterThread: Thread is done: simple-web-server-ThreadStarter 1-11
2023-06-03 20:02:27,440 INFO o.a.j.t.JMeterThread: Thread finished: simple-web-server-ThreadStarter 1-16
2023-06-03 20:02:27,440 INFO o.a.j.t.JMeterThread: Thread finished: simple-web-server-ThreadStarter 1-11
2023-06-03 20:02:27,441 INFO o.a.j.t.JMeterThread: Thread is done: simple-web-server-ThreadStarter 1-41
2023-06-03 20:02:27,441 INFO o.a.j.t.JMeterThread: Thread finished: simple-web-server-ThreadStarter 1-41
2023-06-03 20:02:27,441 INFO o.a.j.t.JMeterThread: Thread is done: simple-web-server-ThreadStarter 1-39
2023-06-03 20:02:27,441 INFO o.a.j.t.JMeterThread: Thread finished: simple-web-server-ThreadStarter 1-39
2023-06-03 20:02:27,442 INFO o.a.j.t.JMeterThread: Thread is done: simple-web-server-ThreadStarter 1-37
2023-06-03 20:02:27,442 INFO o.a.j.t.JMeterThread: Thread finished: simple-web-server-ThreadStarter 1-37
2023-06-03 20:02:27,442 INFO o.a.j.t.JMeterThread: Thread is done: simple-web-server-ThreadStarter 1-20
2023-06-03 20:02:27,444 INFO o.a.j.t.JMeterThread: Thread is done: simple-web-server-ThreadStarter 1-51
2023-06-03 20:02:27,444 INFO o.a.j.t.JMeterThread: Thread is done: simple-web-server-ThreadStarter 1-42
2023-06-03 20:02:27,444 INFO o.a.j.t.JMeterThread: Thread is done: simple-web-server-ThreadStarter 1-18
2023-06-03 20:02:27,444 INFO o.a.j.t.JMeterThread: Thread is done: simple-web-server-ThreadStarter 1-36
2023-06-03 20:02:27,445 INFO o.a.j.t.JMeterThread: Thread finished: simple-web-server-ThreadStarter 1-51
2023-06-03 20:02:27,445 INFO o.a.j.t.JMeterThread: Thread is done: simple-web-server-ThreadStarter 1-44
2023-06-03 20:02:27,445 INFO o.a.j.t.JMeterThread: Thread is done: simple-web-server-ThreadStarter 1-23
2023-06-03 20:02:27,444 INFO o.a.j.t.JMeterThread: Thread is done: simple-web-server-ThreadStarter 1-38
2023-06-03 20:02:27,445 INFO o.a.j.t.JMeterThread: Thread finished: simple-web-server-ThreadStarter 1-44
2023-06-03 20:02:27,445 INFO o.a.j.t.JMeterThread: Thread finished: simple-web-server-ThreadStarter 1-23
2023-06-03 20:02:27,445 INFO o.a.j.t.JMeterThread: Thread is done: simple-web-server-ThreadStarter 1-49
2023-06-03 20:02:27,445 INFO o.a.j.t.JMeterThread: Thread finished: simple-web-server-ThreadStarter 1-36
2023-06-03 20:02:27,445 INFO o.a.j.t.JMeterThread: Thread is done: simple-web-server-ThreadStarter 1-25
2023-06-03 20:02:27,445 INFO o.a.j.t.JMeterThread: Thread finished: simple-web-server-ThreadStarter 1-42
2023-06-03 20:02:27,445 INFO o.a.j.t.JMeterThread: Thread is done: simple-web-server-ThreadStarter 1-5
2023-06-03 20:02:27,444 INFO o.a.j.t.JMeterThread: Thread finished: simple-web-server-ThreadStarter 1-20
2023-06-03 20:02:27,445 INFO o.a.j.t.JMeterThread: Thread finished: simple-web-server-ThreadStarter 1-5
2023-06-03 20:02:27,445 INFO o.a.j.t.JMeterThread: Thread finished: simple-web-server-ThreadStarter 1-38
2023-06-03 20:02:27,445 INFO o.a.j.t.JMeterThread: Thread finished: simple-web-server-ThreadStarter 1-49
2023-06-03 20:02:27,445 INFO o.a.j.t.JMeterThread: Thread finished: simple-web-server-ThreadStarter 1-18
2023-06-03 20:02:27,446 INFO o.a.j.t.JMeterThread: Thread finished: simple-web-server-ThreadStarter 1-25
2023-06-03 20:02:27,446 INFO o.a.j.t.JMeterThread: Thread is done: simple-web-server-ThreadStarter 1-48
2023-06-03 20:02:27,446 INFO o.a.j.t.JMeterThread: Thread is done: simple-web-server-ThreadStarter 1-26
2023-06-03 20:02:27,446 INFO o.a.j.t.JMeterThread: Thread finished: simple-web-server-ThreadStarter 1-48
2023-06-03 20:02:27,446 INFO o.a.j.t.JMeterThread: Thread finished: simple-web-server-ThreadStarter 1-26
2023-06-03 20:02:27,446 INFO o.a.j.t.JMeterThread: Thread is done: simple-web-server-ThreadStarter 1-58
2023-06-03 20:02:27,446 INFO o.a.j.t.JMeterThread: Thread finished: simple-web-server-ThreadStarter 1-58
2023-06-03 20:02:27,446 INFO o.a.j.t.JMeterThread: Thread is done: simple-web-server-ThreadStarter 1-6
2023-06-03 20:02:27,446 INFO o.a.j.t.JMeterThread: Thread finished: simple-web-server-ThreadStarter 1-6
2023-06-03 20:02:27,447 INFO o.a.j.t.JMeterThread: Thread is done: simple-web-server-ThreadStarter 1-55
2023-06-03 20:02:27,447 INFO o.a.j.t.JMeterThread: Thread is done: simple-web-server-ThreadStarter 1-1
2023-06-03 20:02:27,447 INFO o.a.j.t.JMeterThread: Thread finished: simple-web-server-ThreadStarter 1-55
2023-06-03 20:02:27,447 INFO o.a.j.t.JMeterThread: Thread finished: simple-web-server-ThreadStarter 1-1
2023-06-03 20:02:27,448 INFO o.a.j.t.JMeterThread: Thread is done: simple-web-server-ThreadStarter 1-33
2023-06-03 20:02:27,448 INFO o.a.j.t.JMeterThread: Thread finished: simple-web-server-ThreadStarter 1-33
2023-06-03 20:02:27,448 INFO o.a.j.t.JMeterThread: Thread is done: simple-web-server-ThreadStarter 1-47
2023-06-03 20:02:27,448 INFO o.a.j.t.JMeterThread: Thread finished: simple-web-server-ThreadStarter 1-47
2023-06-03 20:02:27,448 INFO o.a.j.t.JMeterThread: Thread is done: simple-web-server-ThreadStarter 1-14
2023-06-03 20:02:27,448 INFO o.a.j.t.JMeterThread: Thread is done: simple-web-server-ThreadStarter 1-22
2023-06-03 20:02:27,448 INFO o.a.j.t.JMeterThread: Thread finished: simple-web-server-ThreadStarter 1-14
2023-06-03 20:02:27,448 INFO o.a.j.t.JMeterThread: Thread finished: simple-web-server-ThreadStarter 1-22
2023-06-03 20:02:27,449 INFO o.a.j.t.JMeterThread: Thread is done: simple-web-server-ThreadStarter 1-4
2023-06-03 20:02:27,449 INFO o.a.j.t.JMeterThread: Thread finished: simple-web-server-ThreadStarter 1-4
2023-06-03 20:02:27,449 INFO o.a.j.t.JMeterThread: Thread is done: simple-web-server-ThreadStarter 1-35
2023-06-03 20:02:27,449 INFO o.a.j.t.JMeterThread: Thread finished: simple-web-server-ThreadStarter 1-35
2023-06-03 20:02:27,450 INFO o.a.j.t.JMeterThread: Thread is done: simple-web-server-ThreadStarter 1-19
2023-06-03 20:02:27,450 INFO o.a.j.t.JMeterThread: Thread is done: simple-web-server-ThreadStarter 1-15
2023-06-03 20:02:27,450 INFO o.a.j.t.JMeterThread: Thread finished: simple-web-server-ThreadStarter 1-19
2023-06-03 20:02:27,450 INFO o.a.j.t.JMeterThread: Thread finished: simple-web-server-ThreadStarter 1-15
2023-06-03 20:02:27,450 INFO o.a.j.t.JMeterThread: Thread is done: simple-web-server-ThreadStarter 1-12
2023-06-03 20:02:27,450 INFO o.a.j.t.JMeterThread: Thread is done: simple-web-server-ThreadStarter 1-56
2023-06-03 20:02:27,450 INFO o.a.j.t.JMeterThread: Thread finished: simple-web-server-ThreadStarter 1-12
2023-06-03 20:02:27,450 INFO o.a.j.t.JMeterThread: Thread finished: simple-web-server-ThreadStarter 1-56
2023-06-03 20:02:27,451 INFO o.a.j.t.JMeterThread: Thread is done: simple-web-server-ThreadStarter 1-8
2023-06-03 20:02:27,451 INFO o.a.j.t.JMeterThread: Thread is done: simple-web-server-ThreadStarter 1-54
2023-06-03 20:02:27,451 INFO o.a.j.t.JMeterThread: Thread finished: simple-web-server-ThreadStarter 1-8
2023-06-03 20:02:27,451 INFO o.a.j.t.JMeterThread: Thread finished: simple-web-server-ThreadStarter 1-54
2023-06-03 20:02:27,453 INFO o.a.j.t.JMeterThread: Thread is done: simple-web-server-ThreadStarter 1-10
2023-06-03 20:02:27,453 INFO o.a.j.t.JMeterThread: Thread finished: simple-web-server-ThreadStarter 1-10
2023-06-03 20:02:27,453 INFO o.a.j.t.JMeterThread: Thread is done: simple-web-server-ThreadStarter 1-46
2023-06-03 20:02:27,453 INFO o.a.j.t.JMeterThread: Thread finished: simple-web-server-ThreadStarter 1-46
2023-06-03 20:02:27,455 INFO o.a.j.t.JMeterThread: Thread is done: simple-web-server-ThreadStarter 1-43
2023-06-03 20:02:27,455 INFO o.a.j.t.JMeterThread: Thread is done: simple-web-server-ThreadStarter 1-27
2023-06-03 20:02:27,455 INFO o.a.j.t.JMeterThread: Thread finished: simple-web-server-ThreadStarter 1-43
2023-06-03 20:02:27,455 INFO o.a.j.t.JMeterThread: Thread finished: simple-web-server-ThreadStarter 1-27
2023-06-03 20:02:27,456 INFO o.a.j.t.JMeterThread: Thread is done: simple-web-server-ThreadStarter 1-50
2023-06-03 20:02:27,456 INFO o.a.j.t.JMeterThread: Thread is done: simple-web-server-ThreadStarter 1-32
2023-06-03 20:02:27,456 INFO o.a.j.t.JMeterThread: Thread finished: simple-web-server-ThreadStarter 1-50
2023-06-03 20:02:27,456 INFO o.a.j.t.JMeterThread: Thread finished: simple-web-server-ThreadStarter 1-32
2023-06-03 20:02:27,458 INFO o.a.j.t.JMeterThread: Thread is done: simple-web-server-ThreadStarter 1-28
2023-06-03 20:02:27,458 INFO o.a.j.t.JMeterThread: Thread is done: simple-web-server-ThreadStarter 1-59
2023-06-03 20:02:27,458 INFO o.a.j.t.JMeterThread: Thread finished: simple-web-server-ThreadStarter 1-28
2023-06-03 20:02:27,458 INFO o.a.j.t.JMeterThread: Thread finished: simple-web-server-ThreadStarter 1-59
2023-06-03 20:02:27,459 INFO o.a.j.t.JMeterThread: Thread is done: simple-web-server-ThreadStarter 1-9
2023-06-03 20:02:27,459 INFO o.a.j.t.JMeterThread: Thread is done: simple-web-server-ThreadStarter 1-30
2023-06-03 20:02:27,459 INFO o.a.j.t.JMeterThread: Thread finished: simple-web-server-ThreadStarter 1-9
2023-06-03 20:02:27,459 INFO o.a.j.t.JMeterThread: Thread finished: simple-web-server-ThreadStarter 1-30
2023-06-03 20:02:27,461 INFO o.a.j.t.JMeterThread: Thread is done: simple-web-server-ThreadStarter 1-34
2023-06-03 20:02:27,461 INFO o.a.j.t.JMeterThread: Thread finished: simple-web-server-ThreadStarter 1-34
2023-06-03 20:02:27,461 INFO o.a.j.t.JMeterThread: Thread is done: simple-web-server-ThreadStarter 1-40
2023-06-03 20:02:27,461 INFO o.a.j.t.JMeterThread: Thread finished: simple-web-server-ThreadStarter 1-40
2023-06-03 20:02:27,462 INFO o.a.j.t.JMeterThread: Thread is done: simple-web-server-ThreadStarter 1-7
2023-06-03 20:02:27,462 INFO o.a.j.t.JMeterThread: Thread finished: simple-web-server-ThreadStarter 1-7
2023-06-03 20:02:27,462 INFO o.a.j.t.JMeterThread: Thread is done: simple-web-server-ThreadStarter 1-29
2023-06-03 20:02:27,462 INFO o.a.j.t.JMeterThread: Thread finished: simple-web-server-ThreadStarter 1-29
2023-06-03 20:02:27,462 INFO o.a.j.t.JMeterThread: Thread is done: simple-web-server-ThreadStarter 1-31
2023-06-03 20:02:27,462 INFO o.a.j.t.JMeterThread: Thread is done: simple-web-server-ThreadStarter 1-45
2023-06-03 20:02:27,462 INFO o.a.j.t.JMeterThread: Thread finished: simple-web-server-ThreadStarter 1-31
2023-06-03 20:02:27,462 INFO o.a.j.t.JMeterThread: Thread finished: simple-web-server-ThreadStarter 1-45
2023-06-03 20:02:27,463 INFO o.a.j.e.StandardJMeterEngine: Notifying test listeners of end of test
2023-06-03 20:02:27,464 INFO o.a.j.e.StandardJMeterEngine: Forced JVM shutdown requested at end of test
